<?xml version="1.0" encoding="UTF-8"?>
<coverage generated="1772727770423" clover="3.2.0">
  <project timestamp="1772727770423" name="All files">
    <metrics statements="658" coveredstatements="658" conditionals="503" coveredconditionals="503" methods="137" coveredmethods="137" elements="1298" coveredelements="1298" complexity="0" loc="658" ncloc="658" packages="22" files="31" classes="31"/>
    <package name="__mocks__">
      <metrics statements="10" coveredstatements="10" conditionals="12" coveredconditionals="12" methods="3" coveredmethods="3"/>
      <file name="supabase.ts" path="/Users/felipe/playground/kindscreen/src/__mocks__/supabase.ts">
        <metrics statements="10" coveredstatements="10" conditionals="12" coveredconditionals="12" methods="3" coveredmethods="3"/>
        <line num="13" count="91" type="stmt"/>
        <line num="18" count="91" type="stmt"/>
        <line num="21" count="91" type="stmt"/>
        <line num="26" count="1547" type="stmt"/>
        <line num="30" count="91" type="stmt"/>
        <line num="31" count="91" type="stmt"/>
        <line num="36" count="91" type="stmt"/>
        <line num="38" count="11" type="stmt"/>
        <line num="41" count="91" type="stmt"/>
        <line num="59" count="53" type="stmt"/>
      </file>
    </package>
    <package name="app">
      <metrics statements="2" coveredstatements="2" conditionals="0" coveredconditionals="0" methods="2" coveredmethods="2"/>
      <file name="not-found.tsx" path="/Users/felipe/playground/kindscreen/src/app/not-found.tsx">
        <metrics statements="1" coveredstatements="1" conditionals="0" coveredconditionals="0" methods="1" coveredmethods="1"/>
        <line num="4" count="1" type="stmt"/>
      </file>
      <file name="page.tsx" path="/Users/felipe/playground/kindscreen/src/app/page.tsx">
        <metrics statements="1" coveredstatements="1" conditionals="0" coveredconditionals="0" methods="1" coveredmethods="1"/>
        <line num="5" count="1" type="stmt"/>
      </file>
    </package>
    <package name="app.(auth).auth.callback">
      <metrics statements="11" coveredstatements="11" conditionals="8" coveredconditionals="8" methods="1" coveredmethods="1"/>
      <file name="route.ts" path="/Users/felipe/playground/kindscreen/src/app/(auth)/auth/callback/route.ts">
        <metrics statements="11" coveredstatements="11" conditionals="8" coveredconditionals="8" methods="1" coveredmethods="1"/>
        <line num="5" count="5" type="stmt"/>
        <line num="6" count="5" type="stmt"/>
        <line num="7" count="5" type="cond" truecount="2" falsecount="0"/>
        <line num="10" count="5" type="cond" truecount="2" falsecount="0"/>
        <line num="12" count="5" type="cond" truecount="2" falsecount="0"/>
        <line num="13" count="1" type="stmt"/>
        <line num="16" count="4" type="stmt"/>
        <line num="17" count="4" type="stmt"/>
        <line num="19" count="4" type="cond" truecount="2" falsecount="0"/>
        <line num="20" count="1" type="stmt"/>
        <line num="23" count="3" type="stmt"/>
      </file>
    </package>
    <package name="app.(auth).forgot-password">
      <metrics statements="16" coveredstatements="16" conditionals="8" coveredconditionals="8" methods="3" coveredmethods="3"/>
      <file name="page.tsx" path="/Users/felipe/playground/kindscreen/src/app/(auth)/forgot-password/page.tsx">
        <metrics statements="16" coveredstatements="16" conditionals="8" coveredconditionals="8" methods="3" coveredmethods="3"/>
        <line num="10" count="65" type="stmt"/>
        <line num="11" count="65" type="stmt"/>
        <line num="12" count="65" type="stmt"/>
        <line num="13" count="65" type="stmt"/>
        <line num="16" count="4" type="stmt"/>
        <line num="17" count="4" type="stmt"/>
        <line num="18" count="4" type="cond" truecount="2" falsecount="0"/>
        <line num="19" count="1" type="stmt"/>
        <line num="20" count="1" type="stmt"/>
        <line num="22" count="3" type="stmt"/>
        <line num="23" count="3" type="stmt"/>
        <line num="27" count="3" type="stmt"/>
        <line num="30" count="65" type="cond" truecount="2" falsecount="0"/>
        <line num="31" count="2" type="stmt"/>
        <line num="49" count="63" type="stmt"/>
        <line num="68" count="54" type="stmt"/>
      </file>
    </package>
    <package name="app.(auth).login">
      <metrics statements="28" coveredstatements="28" conditionals="14" coveredconditionals="14" methods="6" coveredmethods="6"/>
      <file name="LoginForm.tsx" path="/Users/felipe/playground/kindscreen/src/app/(auth)/login/LoginForm.tsx">
        <metrics statements="26" coveredstatements="26" conditionals="14" coveredconditionals="14" methods="4" coveredmethods="4"/>
        <line num="9" count="155" type="stmt"/>
        <line num="10" count="155" type="stmt"/>
        <line num="11" count="155" type="stmt"/>
        <line num="13" count="155" type="stmt"/>
        <line num="14" count="155" type="stmt"/>
        <line num="15" count="155" type="stmt"/>
        <line num="16" count="155" type="stmt"/>
        <line num="19" count="155" type="stmt"/>
        <line num="22" count="6" type="stmt"/>
        <line num="23" count="6" type="stmt"/>
        <line num="24" count="6" type="cond" truecount="4" falsecount="0"/>
        <line num="25" count="1" type="stmt"/>
        <line num="26" count="1" type="stmt"/>
        <line num="28" count="5" type="stmt"/>
        <line num="29" count="5" type="stmt"/>
        <line num="33" count="5" type="stmt"/>
        <line num="35" count="5" type="cond" truecount="2" falsecount="0"/>
        <line num="37" count="1" type="stmt"/>
        <line num="38" count="1" type="stmt"/>
        <line num="41" count="4" type="stmt"/>
        <line num="42" count="4" type="cond" truecount="2" falsecount="0"/>
        <line num="43" count="6" type="stmt"/>
        <line num="44" count="6" type="stmt"/>
        <line num="47" count="155" type="stmt"/>
        <line num="70" count="80" type="stmt"/>
        <line num="93" count="57" type="stmt"/>
      </file>
      <file name="page.tsx" path="/Users/felipe/playground/kindscreen/src/app/(auth)/login/page.tsx">
        <metrics statements="2" coveredstatements="2" conditionals="0" coveredconditionals="0" methods="2" coveredmethods="2"/>
        <line num="6" count="2" type="stmt"/>
        <line num="14" count="1" type="stmt"/>
      </file>
    </package>
    <package name="app.(auth).reset-password">
      <metrics statements="35" coveredstatements="35" conditionals="16" coveredconditionals="16" methods="6" coveredmethods="6"/>
      <file name="page.tsx" path="/Users/felipe/playground/kindscreen/src/app/(auth)/reset-password/page.tsx">
        <metrics statements="35" coveredstatements="35" conditionals="16" coveredconditionals="16" methods="6" coveredmethods="6"/>
        <line num="8" count="187" type="stmt"/>
        <line num="9" count="187" type="stmt"/>
        <line num="11" count="187" type="stmt"/>
        <line num="12" count="187" type="stmt"/>
        <line num="13" count="187" type="stmt"/>
        <line num="14" count="187" type="stmt"/>
        <line num="15" count="187" type="stmt"/>
        <line num="17" count="187" type="stmt"/>
        <line num="18" count="99" type="stmt"/>
        <line num="19" count="98" type="cond" truecount="2" falsecount="0"/>
        <line num="20" count="1" type="stmt"/>
        <line num="22" count="97" type="stmt"/>
        <line num="28" count="5" type="stmt"/>
        <line num="29" count="5" type="stmt"/>
        <line num="31" count="5" type="cond" truecount="2" falsecount="0"/>
        <line num="32" count="1" type="stmt"/>
        <line num="33" count="1" type="stmt"/>
        <line num="35" count="4" type="cond" truecount="2" falsecount="0"/>
        <line num="36" count="1" type="stmt"/>
        <line num="37" count="1" type="stmt"/>
        <line num="39" count="3" type="cond" truecount="2" falsecount="0"/>
        <line num="40" count="1" type="stmt"/>
        <line num="41" count="1" type="stmt"/>
        <line num="44" count="2" type="stmt"/>
        <line num="45" count="2" type="stmt"/>
        <line num="46" count="2" type="stmt"/>
        <line num="48" count="2" type="cond" truecount="2" falsecount="0"/>
        <line num="49" count="1" type="stmt"/>
        <line num="50" count="1" type="stmt"/>
        <line num="53" count="1" type="stmt"/>
        <line num="56" count="187" type="cond" truecount="2" falsecount="0"/>
        <line num="57" count="8" type="stmt"/>
        <line num="64" count="179" type="stmt"/>
        <line num="83" count="41" type="stmt"/>
        <line num="98" count="37" type="stmt"/>
      </file>
    </package>
    <package name="app.(auth).signup">
      <metrics statements="54" coveredstatements="54" conditionals="30" coveredconditionals="30" methods="12" coveredmethods="12"/>
      <file name="page.tsx" path="/Users/felipe/playground/kindscreen/src/app/(auth)/signup/page.tsx">
        <metrics statements="54" coveredstatements="54" conditionals="30" coveredconditionals="30" methods="12" coveredmethods="12"/>
        <line num="11" count="393" type="stmt"/>
        <line num="12" count="393" type="stmt"/>
        <line num="14" count="393" type="stmt"/>
        <line num="15" count="393" type="stmt"/>
        <line num="16" count="393" type="stmt"/>
        <line num="17" count="393" type="stmt"/>
        <line num="18" count="393" type="stmt"/>
        <line num="19" count="393" type="stmt"/>
        <line num="20" count="393" type="stmt"/>
        <line num="23" count="393" type="stmt"/>
        <line num="24" count="393" type="stmt"/>
        <line num="27" count="13" type="stmt"/>
        <line num="28" count="13" type="cond" truecount="4" falsecount="0"/>
        <line num="30" count="11" type="stmt"/>
        <line num="31" count="11" type="stmt"/>
        <line num="33" count="11" type="stmt"/>
        <line num="34" count="11" type="stmt"/>
        <line num="37" count="10" type="stmt"/>
        <line num="38" count="10" type="cond" truecount="2" falsecount="0"/>
        <line num="39" count="13" type="cond" truecount="2" falsecount="0"/>
        <line num="40" count="2" type="stmt"/>
        <line num="45" count="8" type="stmt"/>
        <line num="46" count="8" type="stmt"/>
        <line num="47" count="8" type="stmt"/>
        <line num="48" count="8" type="stmt"/>
        <line num="57" count="8" type="stmt"/>
        <line num="58" count="8" type="stmt"/>
        <line num="60" count="8" type="stmt"/>
        <line num="61" count="8" type="stmt"/>
        <line num="62" count="8" type="cond" truecount="2" falsecount="0"/>
        <line num="63" count="3" type="stmt"/>
        <line num="64" count="3" type="stmt"/>
        <line num="66" count="5" type="cond" truecount="2" falsecount="0"/>
        <line num="67" count="1" type="stmt"/>
        <line num="71" count="1" type="stmt"/>
        <line num="74" count="4" type="stmt"/>
        <line num="75" count="4" type="stmt"/>
        <line num="82" count="4" type="stmt"/>
        <line num="84" count="4" type="cond" truecount="2" falsecount="0"/>
        <line num="85" count="3" type="cond" truecount="2" falsecount="0"/>
        <line num="86" count="1" type="stmt"/>
        <line num="87" count="2" type="cond" truecount="2" falsecount="0"/>
        <line num="88" count="1" type="stmt"/>
        <line num="93" count="1" type="stmt"/>
        <line num="95" count="3" type="stmt"/>
        <line num="98" count="1" type="stmt"/>
        <line num="101" count="393" type="stmt"/>
        <line num="121" count="95" type="stmt"/>
        <line num="141" count="107" type="stmt"/>
        <line num="142" count="107" type="stmt"/>
        <line num="143" count="107" type="stmt"/>
        <line num="145" count="13" type="stmt"/>
        <line num="168" count="77" type="stmt"/>
        <line num="187" count="78" type="stmt"/>
      </file>
    </package>
    <package name="app.(auth).signup.confirm">
      <metrics statements="1" coveredstatements="1" conditionals="0" coveredconditionals="0" methods="1" coveredmethods="1"/>
      <file name="page.tsx" path="/Users/felipe/playground/kindscreen/src/app/(auth)/signup/confirm/page.tsx">
        <metrics statements="1" coveredstatements="1" conditionals="0" coveredconditionals="0" methods="1" coveredmethods="1"/>
        <line num="4" count="1" type="stmt"/>
      </file>
    </package>
    <package name="app.(moderator).moderator">
      <metrics statements="38" coveredstatements="38" conditionals="30" coveredconditionals="30" methods="15" coveredmethods="15"/>
      <file name="FlaggedVideos.tsx" path="/Users/felipe/playground/kindscreen/src/app/(moderator)/moderator/FlaggedVideos.tsx">
        <metrics statements="21" coveredstatements="21" conditionals="16" coveredconditionals="16" methods="13" coveredmethods="13"/>
        <line num="26" count="27" type="stmt"/>
        <line num="27" count="27" type="stmt"/>
        <line num="28" count="27" type="stmt"/>
        <line num="31" count="7" type="stmt"/>
        <line num="32" count="7" type="stmt"/>
        <line num="34" count="7" type="stmt"/>
        <line num="35" count="7" type="stmt"/>
        <line num="41" count="6" type="cond" truecount="2" falsecount="0"/>
        <line num="42" count="2" type="stmt"/>
        <line num="43" count="2" type="cond" truecount="2" falsecount="0"/>
        <line num="44" count="2" type="stmt"/>
        <line num="48" count="4" type="stmt"/>
        <line num="50" count="1" type="stmt"/>
        <line num="52" count="7" type="stmt"/>
        <line num="56" count="27" type="cond" truecount="2" falsecount="0"/>
        <line num="57" count="3" type="stmt"/>
        <line num="66" count="24" type="stmt"/>
        <line num="69" count="27" type="stmt"/>
        <line num="111" count="28" type="stmt"/>
        <line num="125" count="6" type="stmt"/>
        <line num="133" count="1" type="stmt"/>
      </file>
      <file name="page.tsx" path="/Users/felipe/playground/kindscreen/src/app/(moderator)/moderator/page.tsx">
        <metrics statements="17" coveredstatements="17" conditionals="14" coveredconditionals="14" methods="2" coveredmethods="2"/>
        <line num="7" count="8" type="stmt"/>
        <line num="9" count="8" type="stmt"/>
        <line num="10" count="8" type="cond" truecount="2" falsecount="0"/>
        <line num="13" count="7" type="stmt"/>
        <line num="17" count="7" type="cond" truecount="2" falsecount="0"/>
        <line num="20" count="6" type="stmt"/>
        <line num="43" count="6" type="stmt"/>
        <line num="44" count="6" type="cond" truecount="2" falsecount="0"/>
        <line num="45" count="6" type="cond" truecount="2" falsecount="0"/>
        <line num="46" count="5" type="stmt"/>
        <line num="47" count="5" type="cond" truecount="2" falsecount="0"/>
        <line num="48" count="4" type="stmt"/>
        <line num="57" count="5" type="stmt"/>
        <line num="62" count="5" type="stmt"/>
        <line num="66" count="6" type="stmt"/>
        <line num="67" count="1" type="stmt"/>
        <line num="70" count="6" type="stmt"/>
      </file>
    </package>
    <package name="app.(public).browse">
      <metrics statements="124" coveredstatements="124" conditionals="83" coveredconditionals="83" methods="39" coveredmethods="39"/>
      <file name="BrowseClient.tsx" path="/Users/felipe/playground/kindscreen/src/app/(public)/browse/BrowseClient.tsx">
        <metrics statements="47" coveredstatements="47" conditionals="26" coveredconditionals="26" methods="18" coveredmethods="18"/>
        <line num="11" count="1" type="stmt"/>
        <line num="12" count="1" type="stmt"/>
        <line num="14" count="1" type="stmt"/>
        <line num="35" count="35" type="stmt"/>
        <line num="36" count="35" type="stmt"/>
        <line num="38" count="35" type="stmt"/>
        <line num="39" count="35" type="stmt"/>
        <line num="40" count="35" type="stmt"/>
        <line num="41" count="35" type="stmt"/>
        <line num="44" count="35" type="stmt"/>
        <line num="45" count="17" type="stmt"/>
        <line num="46" count="17" type="stmt"/>
        <line num="49" count="35" type="stmt"/>
        <line num="51" count="4" type="stmt"/>
        <line num="52" count="4" type="cond" truecount="2" falsecount="0"/>
        <line num="53" count="4" type="cond" truecount="2" falsecount="0"/>
        <line num="54" count="4" type="stmt"/>
        <line num="55" count="4" type="cond" truecount="2" falsecount="0"/>
        <line num="60" count="35" type="stmt"/>
        <line num="61" count="2" type="stmt"/>
        <line num="64" count="35" type="stmt"/>
        <line num="65" count="2" type="stmt"/>
        <line num="68" count="35" type="stmt"/>
        <line num="69" count="4" type="stmt"/>
        <line num="70" count="4" type="stmt"/>
        <line num="71" count="4" type="stmt"/>
        <line num="77" count="4" type="cond" truecount="2" falsecount="0"/>
        <line num="78" count="4" type="cond" truecount="2" falsecount="0"/>
        <line num="79" count="4" type="stmt"/>
        <line num="80" count="4" type="cond" truecount="2" falsecount="0"/>
        <line num="81" count="4" type="stmt"/>
        <line num="82" count="4" type="stmt"/>
        <line num="85" count="35" type="stmt"/>
        <line num="86" count="35" type="stmt"/>
        <line num="87" count="35" type="stmt"/>
        <line num="90" count="35" type="stmt"/>
        <line num="92" count="35" type="stmt"/>
        <line num="100" count="1" type="stmt"/>
        <line num="105" count="105" type="stmt"/>
        <line num="108" count="1" type="stmt"/>
        <line num="119" count="1" type="stmt"/>
        <line num="124" count="315" type="stmt"/>
        <line num="127" count="1" type="stmt"/>
        <line num="143" count="1" type="stmt"/>
        <line num="152" count="100" type="stmt"/>
        <line num="155" count="2" type="stmt"/>
        <line num="175" count="1" type="stmt"/>
      </file>
      <file name="VideoCard.tsx" path="/Users/felipe/playground/kindscreen/src/app/(public)/browse/VideoCard.tsx">
        <metrics statements="2" coveredstatements="2" conditionals="6" coveredconditionals="6" methods="1" coveredmethods="1"/>
        <line num="10" count="91" type="stmt"/>
        <line num="12" count="91" type="stmt"/>
      </file>
      <file name="VideoModal.tsx" path="/Users/felipe/playground/kindscreen/src/app/(public)/browse/VideoModal.tsx">
        <metrics statements="60" coveredstatements="60" conditionals="37" coveredconditionals="37" methods="18" coveredmethods="18"/>
        <line num="19" count="211" type="stmt"/>
        <line num="20" count="211" type="stmt"/>
        <line num="21" count="211" type="stmt"/>
        <line num="22" count="211" type="stmt"/>
        <line num="23" count="211" type="stmt"/>
        <line num="24" count="211" type="stmt"/>
        <line num="27" count="211" type="stmt"/>
        <line num="28" count="54" type="cond" truecount="2" falsecount="0"/>
        <line num="29" count="26" type="stmt"/>
        <line num="30" count="92" type="cond" truecount="2" falsecount="0"/>
        <line num="31" count="26" type="stmt"/>
        <line num="32" count="26" type="stmt"/>
        <line num="33" count="26" type="stmt"/>
        <line num="34" count="26" type="stmt"/>
        <line num="39" count="211" type="stmt"/>
        <line num="40" count="44" type="stmt"/>
        <line num="41" count="44" type="stmt"/>
        <line num="42" count="44" type="stmt"/>
        <line num="43" count="44" type="stmt"/>
        <line num="44" count="44" type="stmt"/>
        <line num="48" count="211" type="stmt"/>
        <line num="49" count="43" type="cond" truecount="2" falsecount="0"/>
        <line num="50" count="25" type="stmt"/>
        <line num="52" count="25" type="stmt"/>
        <line num="53" count="25" type="cond" truecount="2" falsecount="0"/>
        <line num="54" count="24" type="stmt"/>
        <line num="55" count="25" type="stmt"/>
        <line num="60" count="7" type="cond" truecount="2" falsecount="0"/>
        <line num="61" count="6" type="stmt"/>
        <line num="62" count="6" type="stmt"/>
        <line num="69" count="25" type="stmt"/>
        <line num="70" count="25" type="stmt"/>
        <line num="71" count="25" type="stmt"/>
        <line num="72" count="25" type="stmt"/>
        <line num="77" count="6" type="stmt"/>
        <line num="78" count="6" type="stmt"/>
        <line num="84" count="6" type="cond" truecount="2" falsecount="0"/>
        <line num="85" count="1" type="stmt"/>
        <line num="87" count="6" type="stmt"/>
        <line num="94" count="4" type="stmt"/>
        <line num="95" count="4" type="stmt"/>
        <line num="96" count="4" type="stmt"/>
        <line num="97" count="4" type="stmt"/>
        <line num="102" count="3" type="cond" truecount="2" falsecount="0"/>
        <line num="103" count="2" type="stmt"/>
        <line num="104" count="2" type="cond" truecount="2" falsecount="0"/>
        <line num="105" count="2" type="stmt"/>
        <line num="106" count="2" type="stmt"/>
        <line num="108" count="1" type="stmt"/>
        <line num="110" count="1" type="stmt"/>
        <line num="111" count="1" type="stmt"/>
        <line num="115" count="211" type="cond" truecount="2" falsecount="0"/>
        <line num="117" count="165" type="stmt"/>
        <line num="124" count="18" type="stmt"/>
        <line num="148" count="4" type="stmt"/>
        <line num="152" count="1" type="stmt"/>
        <line num="153" count="1" type="stmt"/>
        <line num="199" count="7" type="stmt"/>
        <line num="212" count="90" type="stmt"/>
        <line num="221" count="1" type="stmt"/>
      </file>
      <file name="page.tsx" path="/Users/felipe/playground/kindscreen/src/app/(public)/browse/page.tsx">
        <metrics statements="15" coveredstatements="15" conditionals="14" coveredconditionals="14" methods="2" coveredmethods="2"/>
        <line num="7" count="1" type="stmt"/>
        <line num="11" count="1" type="stmt"/>
        <line num="17" count="1" type="stmt"/>
        <line num="18" count="1" type="stmt"/>
        <line num="21" count="1" type="stmt"/>
        <line num="35" count="8" type="stmt"/>
        <line num="37" count="8" type="cond" truecount="2" falsecount="0"/>
        <line num="40" count="8" type="cond" truecount="2" falsecount="0"/>
        <line num="44" count="8" type="stmt"/>
        <line num="46" count="8" type="stmt"/>
        <line num="53" count="8" type="cond" truecount="2" falsecount="0"/>
        <line num="54" count="8" type="cond" truecount="2" falsecount="0"/>
        <line num="56" count="8" type="stmt"/>
        <line num="58" count="8" type="cond" truecount="2" falsecount="0"/>
        <line num="60" count="7" type="stmt"/>
      </file>
    </package>
    <package name="app.(public).donate">
      <metrics statements="6" coveredstatements="6" conditionals="20" coveredconditionals="20" methods="3" coveredmethods="3"/>
      <file name="page.tsx" path="/Users/felipe/playground/kindscreen/src/app/(public)/donate/page.tsx">
        <metrics statements="6" coveredstatements="6" conditionals="20" coveredconditionals="20" methods="3" coveredmethods="3"/>
        <line num="5" count="6" type="stmt"/>
        <line num="11" count="6" type="stmt"/>
        <line num="17" count="6" type="cond" truecount="2" falsecount="0"/>
        <line num="19" count="18" type="stmt"/>
        <line num="25" count="6" type="stmt"/>
        <line num="101" count="18" type="stmt"/>
      </file>
    </package>
    <package name="app.(reviewer).reviewer">
      <metrics statements="26" coveredstatements="26" conditionals="52" coveredconditionals="52" methods="5" coveredmethods="5"/>
      <file name="page.tsx" path="/Users/felipe/playground/kindscreen/src/app/(reviewer)/reviewer/page.tsx">
        <metrics statements="26" coveredstatements="26" conditionals="52" coveredconditionals="52" methods="5" coveredmethods="5"/>
        <line num="9" count="15" type="stmt"/>
        <line num="11" count="15" type="stmt"/>
        <line num="12" count="15" type="cond" truecount="2" falsecount="0"/>
        <line num="15" count="14" type="stmt"/>
        <line num="32" count="14" type="stmt"/>
        <line num="37" count="14" type="stmt"/>
        <line num="39" count="14" type="cond" truecount="2" falsecount="0"/>
        <line num="40" count="15" type="cond" truecount="2" falsecount="0"/>
        <line num="41" count="15" type="cond" truecount="2" falsecount="0"/>
        <line num="44" count="15" type="cond" truecount="2" falsecount="0"/>
        <line num="45" count="15" type="stmt"/>
        <line num="46" count="15" type="cond" truecount="2" falsecount="0"/>
        <line num="47" count="5" type="stmt"/>
        <line num="52" count="5" type="cond" truecount="2" falsecount="0"/>
        <line num="56" count="14" type="stmt"/>
        <line num="61" count="14" type="cond" truecount="2" falsecount="0"/>
        <line num="62" count="5" type="stmt"/>
        <line num="64" count="14" type="stmt"/>
        <line num="66" count="14" type="cond" truecount="2" falsecount="0"/>
        <line num="67" count="15" type="cond" truecount="2" falsecount="0"/>
        <line num="68" count="15" type="cond" truecount="2" falsecount="0"/>
        <line num="69" count="15" type="cond" truecount="2" falsecount="0"/>
        <line num="70" count="15" type="stmt"/>
        <line num="71" count="70" type="stmt"/>
        <line num="73" count="15" type="stmt"/>
        <line num="150" count="70" type="stmt"/>
      </file>
    </package>
    <package name="app.(reviewer).reviewer.review">
      <metrics statements="69" coveredstatements="69" conditionals="52" coveredconditionals="52" methods="17" coveredmethods="17"/>
      <file name="page.tsx" path="/Users/felipe/playground/kindscreen/src/app/(reviewer)/reviewer/review/page.tsx">
        <metrics statements="69" coveredstatements="69" conditionals="52" coveredconditionals="52" methods="17" coveredmethods="17"/>
        <line num="20" count="1" type="stmt"/>
        <line num="26" count="1" type="stmt"/>
        <line num="35" count="1" type="stmt"/>
        <line num="43" count="101" type="stmt"/>
        <line num="44" count="101" type="stmt"/>
        <line num="45" count="101" type="stmt"/>
        <line num="46" count="101" type="stmt"/>
        <line num="47" count="101" type="stmt"/>
        <line num="48" count="101" type="stmt"/>
        <line num="49" count="101" type="stmt"/>
        <line num="50" count="101" type="stmt"/>
        <line num="51" count="101" type="stmt"/>
        <line num="52" count="101" type="stmt"/>
        <line num="54" count="101" type="stmt"/>
        <line num="55" count="24" type="stmt"/>
        <line num="56" count="24" type="stmt"/>
        <line num="57" count="24" type="stmt"/>
        <line num="58" count="24" type="stmt"/>
        <line num="59" count="22" type="cond" truecount="2" falsecount="0"/>
        <line num="60" count="1" type="stmt"/>
        <line num="61" count="1" type="stmt"/>
        <line num="63" count="21" type="stmt"/>
        <line num="64" count="21" type="stmt"/>
        <line num="66" count="21" type="stmt"/>
        <line num="67" count="21" type="stmt"/>
        <line num="68" count="21" type="stmt"/>
        <line num="69" count="21" type="stmt"/>
        <line num="70" count="21" type="stmt"/>
        <line num="72" count="1" type="stmt"/>
        <line num="74" count="23" type="stmt"/>
        <line num="78" count="101" type="stmt"/>
        <line num="79" count="21" type="stmt"/>
        <line num="83" count="101" type="stmt"/>
        <line num="84" count="40" type="cond" truecount="2" falsecount="0"/>
        <line num="85" count="17" type="stmt"/>
        <line num="86" count="17" type="stmt"/>
        <line num="87" count="17" type="cond" truecount="2" falsecount="0"/>
        <line num="88" count="16" type="stmt"/>
        <line num="89" count="17" type="stmt"/>
        <line num="94" count="2" type="cond" truecount="2" falsecount="0"/>
        <line num="99" count="17" type="stmt"/>
        <line num="100" count="17" type="stmt"/>
        <line num="101" count="17" type="stmt"/>
        <line num="102" count="17" type="stmt"/>
        <line num="107" count="2" type="stmt"/>
        <line num="115" count="6" type="stmt"/>
        <line num="116" count="6" type="stmt"/>
        <line num="118" count="6" type="stmt"/>
        <line num="119" count="6" type="stmt"/>
        <line num="133" count="5" type="cond" truecount="2" falsecount="0"/>
        <line num="134" count="2" type="stmt"/>
        <line num="135" count="2" type="cond" truecount="2" falsecount="0"/>
        <line num="136" count="2" type="stmt"/>
        <line num="139" count="3" type="stmt"/>
        <line num="141" count="1" type="stmt"/>
        <line num="143" count="6" type="stmt"/>
        <line num="148" count="101" type="cond" truecount="4" falsecount="0"/>
        <line num="149" count="21" type="stmt"/>
        <line num="157" count="80" type="cond" truecount="4" falsecount="0"/>
        <line num="158" count="5" type="stmt"/>
        <line num="178" count="75" type="cond" truecount="2" falsecount="0"/>
        <line num="180" count="101" type="stmt"/>
        <line num="215" count="300" type="stmt"/>
        <line num="218" count="2" type="stmt"/>
        <line num="241" count="225" type="stmt"/>
        <line num="244" count="2" type="cond" truecount="2" falsecount="0"/>
        <line num="263" count="6" type="stmt"/>
        <line num="274" count="3" type="stmt"/>
        <line num="293" count="34" type="stmt"/>
      </file>
    </package>
    <package name="app.(reviewer).reviewer.submit">
      <metrics statements="79" coveredstatements="79" conditionals="36" coveredconditionals="36" methods="10" coveredmethods="10"/>
      <file name="page.tsx" path="/Users/felipe/playground/kindscreen/src/app/(reviewer)/reviewer/submit/page.tsx">
        <metrics statements="79" coveredstatements="79" conditionals="36" coveredconditionals="36" methods="10" coveredmethods="10"/>
        <line num="7" count="1" type="stmt"/>
        <line num="8" count="1" type="stmt"/>
        <line num="10" count="1" type="stmt"/>
        <line num="25" count="612" type="stmt"/>
        <line num="26" count="612" type="stmt"/>
        <line num="27" count="612" type="stmt"/>
        <line num="28" count="612" type="stmt"/>
        <line num="29" count="612" type="stmt"/>
        <line num="30" count="612" type="stmt"/>
        <line num="31" count="612" type="stmt"/>
        <line num="32" count="612" type="stmt"/>
        <line num="33" count="612" type="stmt"/>
        <line num="34" count="612" type="stmt"/>
        <line num="35" count="612" type="stmt"/>
        <line num="38" count="1" type="stmt"/>
        <line num="39" count="1" type="stmt"/>
        <line num="40" count="1" type="stmt"/>
        <line num="41" count="1" type="stmt"/>
        <line num="42" count="1" type="stmt"/>
        <line num="43" count="1" type="stmt"/>
        <line num="44" count="1" type="stmt"/>
        <line num="45" count="1" type="stmt"/>
        <line num="49" count="14" type="stmt"/>
        <line num="50" count="14" type="cond" truecount="2" falsecount="0"/>
        <line num="51" count="1" type="stmt"/>
        <line num="52" count="1" type="stmt"/>
        <line num="55" count="13" type="stmt"/>
        <line num="56" count="13" type="stmt"/>
        <line num="57" count="13" type="stmt"/>
        <line num="58" count="13" type="stmt"/>
        <line num="59" count="13" type="stmt"/>
        <line num="61" count="13" type="stmt"/>
        <line num="62" count="13" type="stmt"/>
        <line num="63" count="12" type="cond" truecount="2" falsecount="0"/>
        <line num="64" count="1" type="stmt"/>
        <line num="65" count="1" type="stmt"/>
        <line num="66" count="1" type="stmt"/>
        <line num="68" count="11" type="stmt"/>
        <line num="69" count="11" type="stmt"/>
        <line num="70" count="11" type="stmt"/>
        <line num="71" count="11" type="cond" truecount="2" falsecount="0"/>
        <line num="73" count="1" type="stmt"/>
        <line num="76" count="12" type="stmt"/>
        <line num="80" count="6" type="stmt"/>
        <line num="81" count="6" type="stmt"/>
        <line num="83" count="6" type="stmt"/>
        <line num="87" count="6" type="cond" truecount="2" falsecount="0"/>
        <line num="88" count="6" type="cond" truecount="2" falsecount="0"/>
        <line num="89" count="1" type="stmt"/>
        <line num="90" count="1" type="stmt"/>
        <line num="93" count="5" type="stmt"/>
        <line num="95" count="5" type="stmt"/>
        <line num="96" count="5" type="stmt"/>
        <line num="108" count="4" type="cond" truecount="2" falsecount="0"/>
        <line num="109" count="1" type="stmt"/>
        <line num="110" count="1" type="stmt"/>
        <line num="111" count="1" type="stmt"/>
        <line num="114" count="3" type="cond" truecount="2" falsecount="0"/>
        <line num="115" count="2" type="stmt"/>
        <line num="116" count="2" type="cond" truecount="2" falsecount="0"/>
        <line num="117" count="2" type="stmt"/>
        <line num="118" count="2" type="stmt"/>
        <line num="121" count="1" type="stmt"/>
        <line num="122" count="1" type="stmt"/>
        <line num="124" count="1" type="stmt"/>
        <line num="127" count="2" type="stmt"/>
        <line num="131" count="612" type="stmt"/>
        <line num="132" count="612" type="stmt"/>
        <line num="134" count="612" type="stmt"/>
        <line num="155" count="539" type="stmt"/>
        <line num="156" count="539" type="stmt"/>
        <line num="157" count="539" type="stmt"/>
        <line num="158" count="539" type="stmt"/>
        <line num="159" count="539" type="stmt"/>
        <line num="195" count="13" type="stmt"/>
        <line num="210" count="5" type="stmt"/>
        <line num="216" count="5508" type="stmt"/>
        <line num="235" count="1" type="stmt"/>
        <line num="241" count="1836" type="stmt"/>
      </file>
    </package>
    <package name="app.api.auth.check-username">
      <metrics statements="10" coveredstatements="10" conditionals="6" coveredconditionals="6" methods="1" coveredmethods="1"/>
      <file name="route.ts" path="/Users/felipe/playground/kindscreen/src/app/api/auth/check-username/route.ts">
        <metrics statements="10" coveredstatements="10" conditionals="6" coveredconditionals="6" methods="1" coveredmethods="1"/>
        <line num="5" count="1" type="stmt"/>
        <line num="8" count="6" type="cond" truecount="2" falsecount="0"/>
        <line num="9" count="6" type="stmt"/>
        <line num="11" count="6" type="cond" truecount="2" falsecount="0"/>
        <line num="12" count="2" type="stmt"/>
        <line num="18" count="4" type="stmt"/>
        <line num="23" count="4" type="stmt"/>
        <line num="28" count="4" type="cond" truecount="2" falsecount="0"/>
        <line num="29" count="1" type="stmt"/>
        <line num="35" count="3" type="stmt"/>
      </file>
    </package>
    <package name="app.api.flags">
      <metrics statements="17" coveredstatements="17" conditionals="12" coveredconditionals="12" methods="1" coveredmethods="1"/>
      <file name="route.ts" path="/Users/felipe/playground/kindscreen/src/app/api/flags/route.ts">
        <metrics statements="17" coveredstatements="17" conditionals="12" coveredconditionals="12" methods="1" coveredmethods="1"/>
        <line num="5" count="9" type="stmt"/>
        <line num="8" count="9" type="stmt"/>
        <line num="11" count="9" type="stmt"/>
        <line num="12" count="9" type="stmt"/>
        <line num="14" count="1" type="stmt"/>
        <line num="17" count="8" type="stmt"/>
        <line num="19" count="8" type="cond" truecount="4" falsecount="0"/>
        <line num="20" count="3" type="stmt"/>
        <line num="23" count="5" type="cond" truecount="2" falsecount="0"/>
        <line num="24" count="1" type="stmt"/>
        <line num="28" count="4" type="stmt"/>
        <line num="35" count="4" type="cond" truecount="2" falsecount="0"/>
        <line num="36" count="1" type="stmt"/>
        <line num="39" count="3" type="stmt"/>
        <line num="47" count="3" type="cond" truecount="2" falsecount="0"/>
        <line num="48" count="1" type="stmt"/>
        <line num="51" count="2" type="stmt"/>
      </file>
    </package>
    <package name="app.api.moderator.videos.[id]">
      <metrics statements="20" coveredstatements="20" conditionals="14" coveredconditionals="14" methods="1" coveredmethods="1"/>
      <file name="route.ts" path="/Users/felipe/playground/kindscreen/src/app/api/moderator/videos/[id]/route.ts">
        <metrics statements="20" coveredstatements="20" conditionals="14" coveredconditionals="14" methods="1" coveredmethods="1"/>
        <line num="8" count="7" type="stmt"/>
        <line num="10" count="7" type="stmt"/>
        <line num="11" count="7" type="cond" truecount="4" falsecount="0"/>
        <line num="12" count="1" type="stmt"/>
        <line num="16" count="6" type="stmt"/>
        <line num="20" count="6" type="cond" truecount="2" falsecount="0"/>
        <line num="21" count="1" type="stmt"/>
        <line num="25" count="5" type="stmt"/>
        <line num="26" count="5" type="stmt"/>
        <line num="28" count="1" type="stmt"/>
        <line num="31" count="4" type="stmt"/>
        <line num="32" count="4" type="cond" truecount="4" falsecount="0"/>
        <line num="33" count="1" type="stmt"/>
        <line num="36" count="3" type="stmt"/>
        <line num="39" count="3" type="stmt"/>
        <line num="46" count="3" type="cond" truecount="2" falsecount="0"/>
        <line num="47" count="7" type="stmt"/>
        <line num="54" count="3" type="cond" truecount="2" falsecount="0"/>
        <line num="55" count="1" type="stmt"/>
        <line num="58" count="2" type="stmt"/>
      </file>
    </package>
    <package name="app.api.reviews.next">
      <metrics statements="15" coveredstatements="15" conditionals="12" coveredconditionals="12" methods="2" coveredmethods="2"/>
      <file name="route.ts" path="/Users/felipe/playground/kindscreen/src/app/api/reviews/next/route.ts">
        <metrics statements="15" coveredstatements="15" conditionals="12" coveredconditionals="12" methods="2" coveredmethods="2"/>
        <line num="5" count="7" type="stmt"/>
        <line num="7" count="7" type="stmt"/>
        <line num="8" count="7" type="cond" truecount="4" falsecount="0"/>
        <line num="9" count="2" type="stmt"/>
        <line num="13" count="5" type="stmt"/>
        <line num="20" count="5" type="cond" truecount="2" falsecount="0"/>
        <line num="23" count="7" type="stmt"/>
        <line num="31" count="7" type="cond" truecount="2" falsecount="0"/>
        <line num="32" count="1" type="stmt"/>
        <line num="35" count="5" type="stmt"/>
        <line num="37" count="5" type="cond" truecount="2" falsecount="0"/>
        <line num="38" count="1" type="stmt"/>
        <line num="41" count="4" type="cond" truecount="2" falsecount="0"/>
        <line num="42" count="3" type="stmt"/>
        <line num="45" count="1" type="stmt"/>
      </file>
    </package>
    <package name="app.api.reviews.submit">
      <metrics statements="23" coveredstatements="23" conditionals="34" coveredconditionals="34" methods="1" coveredmethods="1"/>
      <file name="route.ts" path="/Users/felipe/playground/kindscreen/src/app/api/reviews/submit/route.ts">
        <metrics statements="23" coveredstatements="23" conditionals="34" coveredconditionals="34" methods="1" coveredmethods="1"/>
        <line num="6" count="1" type="stmt"/>
        <line num="9" count="11" type="stmt"/>
        <line num="11" count="11" type="stmt"/>
        <line num="12" count="11" type="cond" truecount="4" falsecount="0"/>
        <line num="13" count="1" type="stmt"/>
        <line num="17" count="10" type="stmt"/>
        <line num="18" count="10" type="stmt"/>
        <line num="20" count="1" type="stmt"/>
        <line num="32" count="9" type="stmt"/>
        <line num="43" count="9" type="cond" truecount="4" falsecount="0"/>
        <line num="44" count="1" type="stmt"/>
        <line num="47" count="8" type="cond" truecount="4" falsecount="0"/>
        <line num="48" count="1" type="stmt"/>
        <line num="51" count="7" type="cond" truecount="4" falsecount="0"/>
        <line num="52" count="1" type="stmt"/>
        <line num="55" count="6" type="stmt"/>
        <line num="71" count="6" type="cond" truecount="2" falsecount="0"/>
        <line num="73" count="3" type="cond" truecount="2" falsecount="0"/>
        <line num="74" count="1" type="stmt"/>
        <line num="77" count="2" type="cond" truecount="2" falsecount="0"/>
        <line num="78" count="1" type="stmt"/>
        <line num="80" count="1" type="stmt"/>
        <line num="83" count="3" type="stmt"/>
      </file>
    </package>
    <package name="app.api.videos.metadata">
      <metrics statements="18" coveredstatements="18" conditionals="17" coveredconditionals="17" methods="1" coveredmethods="1"/>
      <file name="route.ts" path="/Users/felipe/playground/kindscreen/src/app/api/videos/metadata/route.ts">
        <metrics statements="18" coveredstatements="18" conditionals="17" coveredconditionals="17" methods="1" coveredmethods="1"/>
        <line num="3" count="1" type="stmt"/>
        <line num="21" count="11" type="stmt"/>
        <line num="23" count="11" type="cond" truecount="4" falsecount="0"/>
        <line num="24" count="2" type="stmt"/>
        <line num="27" count="9" type="stmt"/>
        <line num="28" count="9" type="cond" truecount="2" falsecount="0"/>
        <line num="29" count="1" type="stmt"/>
        <line num="32" count="8" type="stmt"/>
        <line num="33" count="8" type="stmt"/>
        <line num="35" count="7" type="cond" truecount="2" falsecount="0"/>
        <line num="36" count="1" type="stmt"/>
        <line num="39" count="6" type="stmt"/>
        <line num="41" count="6" type="cond" truecount="4" falsecount="0"/>
        <line num="42" count="1" type="stmt"/>
        <line num="45" count="5" type="stmt"/>
        <line num="46" count="5" type="stmt"/>
        <line num="48" count="5" type="cond" truecount="5" falsecount="0"/>
        <line num="50" count="11" type="stmt"/>
      </file>
    </package>
    <package name="app.api.videos.submit">
      <metrics statements="23" coveredstatements="23" conditionals="23" coveredconditionals="23" methods="1" coveredmethods="1"/>
      <file name="route.ts" path="/Users/felipe/playground/kindscreen/src/app/api/videos/submit/route.ts">
        <metrics statements="23" coveredstatements="23" conditionals="23" coveredconditionals="23" methods="1" coveredmethods="1"/>
        <line num="8" count="1" type="stmt"/>
        <line num="11" count="1" type="stmt"/>
        <line num="14" count="11" type="stmt"/>
        <line num="16" count="11" type="stmt"/>
        <line num="17" count="11" type="cond" truecount="4" falsecount="0"/>
        <line num="18" count="2" type="stmt"/>
        <line num="22" count="9" type="stmt"/>
        <line num="23" count="9" type="stmt"/>
        <line num="25" count="1" type="stmt"/>
        <line num="28" count="8" type="stmt"/>
        <line num="36" count="8" type="cond" truecount="5" falsecount="0"/>
        <line num="37" count="1" type="stmt"/>
        <line num="40" count="7" type="cond" truecount="2" falsecount="0"/>
        <line num="41" count="1" type="stmt"/>
        <line num="44" count="6" type="cond" truecount="4" falsecount="0"/>
        <line num="45" count="1" type="stmt"/>
        <line num="49" count="5" type="stmt"/>
        <line num="55" count="5" type="cond" truecount="2" falsecount="0"/>
        <line num="56" count="1" type="stmt"/>
        <line num="59" count="4" type="stmt"/>
        <line num="72" count="4" type="cond" truecount="2" falsecount="0"/>
        <line num="73" count="1" type="stmt"/>
        <line num="76" count="3" type="stmt"/>
      </file>
    </package>
    <package name="lib.utils">
      <metrics statements="33" coveredstatements="33" conditionals="24" coveredconditionals="24" methods="6" coveredmethods="6"/>
      <file name="badges.ts" path="/Users/felipe/playground/kindscreen/src/lib/utils/badges.ts">
        <metrics statements="1" coveredstatements="1" conditionals="0" coveredconditionals="0" methods="1" coveredmethods="1"/>
        <line num="10" count="26" type="stmt"/>
      </file>
      <file name="donation.ts" path="/Users/felipe/playground/kindscreen/src/lib/utils/donation.ts">
        <metrics statements="3" coveredstatements="3" conditionals="2" coveredconditionals="2" methods="1" coveredmethods="1"/>
        <line num="1" count="2" type="stmt"/>
        <line num="33" count="25" type="cond" truecount="2" falsecount="0"/>
        <line num="34" count="18" type="stmt"/>
      </file>
      <file name="validate.ts" path="/Users/felipe/playground/kindscreen/src/lib/utils/validate.ts">
        <metrics statements="16" coveredstatements="16" conditionals="14" coveredconditionals="14" methods="1" coveredmethods="1"/>
        <line num="1" count="2" type="stmt"/>
        <line num="9" count="17" type="stmt"/>
        <line num="10" count="17" type="cond" truecount="2" falsecount="0"/>
        <line num="11" count="17" type="cond" truecount="2" falsecount="0"/>
        <line num="12" count="3" type="stmt"/>
        <line num="13" count="14" type="cond" truecount="2" falsecount="0"/>
        <line num="14" count="2" type="stmt"/>
        <line num="17" count="17" type="cond" truecount="2" falsecount="0"/>
        <line num="18" count="3" type="stmt"/>
        <line num="19" count="14" type="cond" truecount="2" falsecount="0"/>
        <line num="20" count="1" type="stmt"/>
        <line num="22" count="17" type="cond" truecount="2" falsecount="0"/>
        <line num="23" count="4" type="stmt"/>
        <line num="24" count="13" type="cond" truecount="2" falsecount="0"/>
        <line num="25" count="2" type="stmt"/>
        <line num="27" count="17" type="stmt"/>
      </file>
      <file name="youtube.ts" path="/Users/felipe/playground/kindscreen/src/lib/utils/youtube.ts">
        <metrics statements="13" coveredstatements="13" conditionals="8" coveredconditionals="8" methods="3" coveredmethods="3"/>
        <line num="3" count="25" type="stmt"/>
        <line num="9" count="25" type="stmt"/>
        <line num="10" count="51" type="stmt"/>
        <line num="11" count="51" type="cond" truecount="2" falsecount="0"/>
        <line num="13" count="5" type="stmt"/>
        <line num="18" count="5" type="cond" truecount="2" falsecount="0"/>
        <line num="19" count="4" type="cond" truecount="2" falsecount="0"/>
        <line num="21" count="3" type="stmt"/>
        <line num="22" count="3" type="stmt"/>
        <line num="24" count="3" type="cond" truecount="2" falsecount="0"/>
        <line num="25" count="2" type="stmt"/>
        <line num="26" count="2" type="stmt"/>
        <line num="27" count="2" type="stmt"/>
      </file>
    </package>
  </project>
</coverage>
