{"/Users/felipe/playground/kindscreen/src/__mocks__/supabase.ts": {"path":"/Users/felipe/playground/kindscreen/src/__mocks__/supabase.ts","statementMap":{"0":{"start":{"line":13,"column":19},"end":{"line":17,"column":null}},"1":{"start":{"line":18,"column":43},"end":{"line":18,"column":null}},"2":{"start":{"line":21,"column":2},"end":{"line":27,"column":null}},"3":{"start":{"line":26,"column":4},"end":{"line":26,"column":null}},"4":{"start":{"line":30,"column":2},"end":{"line":30,"column":null}},"5":{"start":{"line":31,"column":2},"end":{"line":31,"column":null}},"6":{"start":{"line":36,"column":2},"end":{"line":39,"column":null}},"7":{"start":{"line":38,"column":6},"end":{"line":38,"column":null}},"8":{"start":{"line":41,"column":2},"end":{"line":41,"column":null}},"9":{"start":{"line":59,"column":2},"end":{"line":73,"column":null}}},"fnMap":{"0":{"name":"createMockBuilder","decl":{"start":{"line":8,"column":16},"end":{"line":8,"column":34}},"loc":{"start":{"line":12,"column":8},"end":{"line":42,"column":null}},"line":12},"1":{"name":"(anonymous_1)","decl":{"start":{"line":37,"column":4},"end":{"line":37,"column":5}},"loc":{"start":{"line":38,"column":6},"end":{"line":38,"column":null}},"line":38},"2":{"name":"createMockSupabaseClient","decl":{"start":{"line":45,"column":16},"end":{"line":45,"column":41}},"loc":{"start":{"line":58,"column":8},"end":{"line":74,"column":null}},"line":58}},"branchMap":{"0":{"loc":{"start":{"line":8,"column":34},"end":{"line":12,"column":8}},"type":"default-arg","locations":[{"start":{"line":12,"column":4},"end":{"line":12,"column":8}}],"line":8},"1":{"loc":{"start":{"line":14,"column":10},"end":{"line":14,"column":null}},"type":"binary-expr","locations":[{"start":{"line":14,"column":10},"end":{"line":14,"column":27}},{"start":{"line":14,"column":27},"end":{"line":14,"column":null}}],"line":14},"2":{"loc":{"start":{"line":15,"column":11},"end":{"line":15,"column":null}},"type":"binary-expr","locations":[{"start":{"line":15,"column":11},"end":{"line":15,"column":29}},{"start":{"line":15,"column":29},"end":{"line":15,"column":null}}],"line":15},"3":{"loc":{"start":{"line":16,"column":11},"end":{"line":16,"column":null}},"type":"binary-expr","locations":[{"start":{"line":16,"column":11},"end":{"line":16,"column":29}},{"start":{"line":16,"column":29},"end":{"line":16,"column":null}}],"line":16},"4":{"loc":{"start":{"line":45,"column":41},"end":{"line":58,"column":8}},"type":"default-arg","locations":[{"start":{"line":58,"column":4},"end":{"line":58,"column":8}}],"line":45},"5":{"loc":{"start":{"line":60,"column":10},"end":{"line":60,"column":null}},"type":"binary-expr","locations":[{"start":{"line":60,"column":10},"end":{"line":60,"column":28}},{"start":{"line":60,"column":28},"end":{"line":60,"column":null}}],"line":60},"6":{"loc":{"start":{"line":61,"column":9},"end":{"line":61,"column":null}},"type":"binary-expr","locations":[{"start":{"line":61,"column":9},"end":{"line":61,"column":26}},{"start":{"line":61,"column":26},"end":{"line":61,"column":null}}],"line":61}},"s":{"0":91,"1":91,"2":91,"3":1547,"4":91,"5":91,"6":91,"7":11,"8":91,"9":53},"f":{"0":91,"1":11,"2":53},"b":{"0":[91],"1":[91,74],"2":[91,84],"3":[91,91],"4":[53],"5":[53,53],"6":[53,49]},"meta":{"lastBranch":7,"lastFunction":3,"lastStatement":10,"seen":{"f:8:16:8:34":0,"b:12:4:12:8":0,"s:13:19:17:Infinity":0,"b:14:10:14:27:14:27:14:Infinity":1,"b:15:11:15:29:15:29:15:Infinity":2,"b:16:11:16:29:16:29:16:Infinity":3,"s:18:43:18:Infinity":1,"s:21:2:27:Infinity":2,"s:26:4:26:Infinity":3,"s:30:2:30:Infinity":4,"s:31:2:31:Infinity":5,"s:36:2:39:Infinity":6,"f:37:4:37:5":1,"s:38:6:38:Infinity":7,"s:41:2:41:Infinity":8,"f:45:16:45:41":2,"b:58:4:58:8":4,"s:59:2:73:Infinity":9,"b:60:10:60:28:60:28:60:Infinity":5,"b:61:9:61:26:61:26:61:Infinity":6}}}
,"/Users/felipe/playground/kindscreen/src/app/not-found.tsx": {"path":"/Users/felipe/playground/kindscreen/src/app/not-found.tsx","statementMap":{"0":{"start":{"line":4,"column":2},"end":{"line":20,"column":null}}},"fnMap":{"0":{"name":"NotFound","decl":{"start":{"line":3,"column":24},"end":{"line":3,"column":35}},"loc":{"start":{"line":3,"column":35},"end":{"line":22,"column":null}},"line":3}},"branchMap":{},"s":{"0":1},"f":{"0":1},"b":{},"meta":{"lastBranch":0,"lastFunction":1,"lastStatement":1,"seen":{"f:3:24:3:35":0,"s:4:2:20:Infinity":0}}}
,"/Users/felipe/playground/kindscreen/src/app/page.tsx": {"path":"/Users/felipe/playground/kindscreen/src/app/page.tsx","statementMap":{"0":{"start":{"line":5,"column":2},"end":{"line":55,"column":null}}},"fnMap":{"0":{"name":"HomePage","decl":{"start":{"line":4,"column":24},"end":{"line":4,"column":35}},"loc":{"start":{"line":4,"column":35},"end":{"line":57,"column":null}},"line":4}},"branchMap":{},"s":{"0":1},"f":{"0":1},"b":{},"meta":{"lastBranch":0,"lastFunction":1,"lastStatement":1,"seen":{"f:4:24:4:35":0,"s:5:2:55:Infinity":0}}}
,"/Users/felipe/playground/kindscreen/src/app/(auth)/auth/callback/route.ts": {"path":"/Users/felipe/playground/kindscreen/src/app/(auth)/auth/callback/route.ts","statementMap":{"0":{"start":{"line":5,"column":35},"end":{"line":5,"column":null}},"1":{"start":{"line":6,"column":15},"end":{"line":6,"column":null}},"2":{"start":{"line":7,"column":15},"end":{"line":7,"column":null}},"3":{"start":{"line":10,"column":19},"end":{"line":10,"column":null}},"4":{"start":{"line":12,"column":2},"end":{"line":14,"column":null}},"5":{"start":{"line":13,"column":4},"end":{"line":13,"column":null}},"6":{"start":{"line":16,"column":19},"end":{"line":16,"column":null}},"7":{"start":{"line":17,"column":20},"end":{"line":17,"column":null}},"8":{"start":{"line":19,"column":2},"end":{"line":21,"column":null}},"9":{"start":{"line":20,"column":4},"end":{"line":20,"column":null}},"10":{"start":{"line":23,"column":2},"end":{"line":23,"column":null}}},"fnMap":{"0":{"name":"GET","decl":{"start":{"line":4,"column":22},"end":{"line":4,"column":26}},"loc":{"start":{"line":4,"column":48},"end":{"line":24,"column":null}},"line":4}},"branchMap":{"0":{"loc":{"start":{"line":7,"column":15},"end":{"line":7,"column":null}},"type":"binary-expr","locations":[{"start":{"line":7,"column":15},"end":{"line":7,"column":43}},{"start":{"line":7,"column":43},"end":{"line":7,"column":null}}],"line":7},"1":{"loc":{"start":{"line":10,"column":19},"end":{"line":10,"column":null}},"type":"cond-expr","locations":[{"start":{"line":10,"column":42},"end":{"line":10,"column":49}},{"start":{"line":10,"column":49},"end":{"line":10,"column":null}}],"line":10},"2":{"loc":{"start":{"line":12,"column":2},"end":{"line":14,"column":null}},"type":"if","locations":[{"start":{"line":12,"column":2},"end":{"line":14,"column":null}},{"start":{},"end":{}}],"line":12},"3":{"loc":{"start":{"line":19,"column":2},"end":{"line":21,"column":null}},"type":"if","locations":[{"start":{"line":19,"column":2},"end":{"line":21,"column":null}},{"start":{},"end":{}}],"line":19}},"s":{"0":5,"1":5,"2":5,"3":5,"4":5,"5":1,"6":4,"7":4,"8":4,"9":1,"10":3},"f":{"0":5},"b":{"0":[5,3],"1":[4,1],"2":[1,4],"3":[1,3]},"meta":{"lastBranch":4,"lastFunction":1,"lastStatement":11,"seen":{"f:4:22:4:26":0,"s:5:35:5:Infinity":0,"s:6:15:6:Infinity":1,"s:7:15:7:Infinity":2,"b:7:15:7:43:7:43:7:Infinity":0,"s:10:19:10:Infinity":3,"b:10:42:10:49:10:49:10:Infinity":1,"b:12:2:14:Infinity:undefined:undefined:undefined:undefined":2,"s:12:2:14:Infinity":4,"s:13:4:13:Infinity":5,"s:16:19:16:Infinity":6,"s:17:20:17:Infinity":7,"b:19:2:21:Infinity:undefined:undefined:undefined:undefined":3,"s:19:2:21:Infinity":8,"s:20:4:20:Infinity":9,"s:23:2:23:Infinity":10}}}
,"/Users/felipe/playground/kindscreen/src/app/(auth)/forgot-password/page.tsx": {"path":"/Users/felipe/playground/kindscreen/src/app/(auth)/forgot-password/page.tsx","statementMap":{"0":{"start":{"line":10,"column":8},"end":{"line":10,"column":null}},"1":{"start":{"line":11,"column":24},"end":{"line":11,"column":null}},"2":{"start":{"line":12,"column":24},"end":{"line":12,"column":null}},"3":{"start":{"line":13,"column":24},"end":{"line":13,"column":null}},"4":{"start":{"line":16,"column":4},"end":{"line":16,"column":null}},"5":{"start":{"line":17,"column":4},"end":{"line":17,"column":null}},"6":{"start":{"line":18,"column":4},"end":{"line":21,"column":null}},"7":{"start":{"line":19,"column":6},"end":{"line":19,"column":null}},"8":{"start":{"line":20,"column":6},"end":{"line":20,"column":null}},"9":{"start":{"line":22,"column":4},"end":{"line":22,"column":null}},"10":{"start":{"line":23,"column":4},"end":{"line":25,"column":null}},"11":{"start":{"line":27,"column":4},"end":{"line":27,"column":null}},"12":{"start":{"line":30,"column":2},"end":{"line":47,"column":null}},"13":{"start":{"line":31,"column":4},"end":{"line":45,"column":null}},"14":{"start":{"line":49,"column":2},"end":{"line":90,"column":null}},"15":{"start":{"line":68,"column":29},"end":{"line":68,"column":null}}},"fnMap":{"0":{"name":"ForgotPasswordPage","decl":{"start":{"line":9,"column":24},"end":{"line":9,"column":45}},"loc":{"start":{"line":9,"column":45},"end":{"line":92,"column":null}},"line":9},"1":{"name":"handleSubmit","decl":{"start":{"line":15,"column":17},"end":{"line":15,"column":30}},"loc":{"start":{"line":15,"column":50},"end":{"line":28,"column":null}},"line":15},"2":{"name":"(anonymous_2)","decl":{"start":{"line":68,"column":22},"end":{"line":68,"column":23}},"loc":{"start":{"line":68,"column":29},"end":{"line":68,"column":null}},"line":68}},"branchMap":{"0":{"loc":{"start":{"line":18,"column":4},"end":{"line":21,"column":null}},"type":"if","locations":[{"start":{"line":18,"column":4},"end":{"line":21,"column":null}},{"start":{},"end":{}}],"line":18},"1":{"loc":{"start":{"line":30,"column":2},"end":{"line":47,"column":null}},"type":"if","locations":[{"start":{"line":30,"column":2},"end":{"line":47,"column":null}},{"start":{},"end":{}}],"line":30},"2":{"loc":{"start":{"line":72,"column":11},"end":{"line":72,"column":null}},"type":"binary-expr","locations":[{"start":{"line":72,"column":11},"end":{"line":72,"column":20}},{"start":{"line":72,"column":20},"end":{"line":72,"column":null}}],"line":72},"3":{"loc":{"start":{"line":80,"column":11},"end":{"line":80,"column":null}},"type":"cond-expr","locations":[{"start":{"line":80,"column":36},"end":{"line":80,"column":49}},{"start":{"line":80,"column":49},"end":{"line":80,"column":null}}],"line":80}},"s":{"0":65,"1":65,"2":65,"3":65,"4":4,"5":4,"6":4,"7":1,"8":1,"9":3,"10":3,"11":3,"12":65,"13":2,"14":63,"15":54},"f":{"0":65,"1":4,"2":54},"b":{"0":[1,3],"1":[2,63],"2":[63,1],"3":[3,60]},"meta":{"lastBranch":4,"lastFunction":3,"lastStatement":16,"seen":{"f:9:24:9:45":0,"s:10:8:10:Infinity":0,"s:11:24:11:Infinity":1,"s:12:24:12:Infinity":2,"s:13:24:13:Infinity":3,"f:15:17:15:30":1,"s:16:4:16:Infinity":4,"s:17:4:17:Infinity":5,"b:18:4:21:Infinity:undefined:undefined:undefined:undefined":0,"s:18:4:21:Infinity":6,"s:19:6:19:Infinity":7,"s:20:6:20:Infinity":8,"s:22:4:22:Infinity":9,"s:23:4:25:Infinity":10,"s:27:4:27:Infinity":11,"b:30:2:47:Infinity:undefined:undefined:undefined:undefined":1,"s:30:2:47:Infinity":12,"s:31:4:45:Infinity":13,"s:49:2:90:Infinity":14,"f:68:22:68:23":2,"s:68:29:68:Infinity":15,"b:72:11:72:20:72:20:72:Infinity":2,"b:80:36:80:49:80:49:80:Infinity":3}}}
,"/Users/felipe/playground/kindscreen/src/app/(auth)/login/LoginForm.tsx": {"path":"/Users/felipe/playground/kindscreen/src/app/(auth)/login/LoginForm.tsx","statementMap":{"0":{"start":{"line":9,"column":8},"end":{"line":9,"column":null}},"1":{"start":{"line":10,"column":8},"end":{"line":10,"column":null}},"2":{"start":{"line":11,"column":8},"end":{"line":11,"column":null}},"3":{"start":{"line":13,"column":24},"end":{"line":13,"column":null}},"4":{"start":{"line":14,"column":30},"end":{"line":14,"column":null}},"5":{"start":{"line":15,"column":24},"end":{"line":15,"column":null}},"6":{"start":{"line":16,"column":34},"end":{"line":16,"column":null}},"7":{"start":{"line":19,"column":24},"end":{"line":19,"column":null}},"8":{"start":{"line":22,"column":4},"end":{"line":22,"column":null}},"9":{"start":{"line":23,"column":4},"end":{"line":23,"column":null}},"10":{"start":{"line":24,"column":4},"end":{"line":27,"column":null}},"11":{"start":{"line":25,"column":6},"end":{"line":25,"column":null}},"12":{"start":{"line":26,"column":6},"end":{"line":26,"column":null}},"13":{"start":{"line":28,"column":4},"end":{"line":28,"column":null}},"14":{"start":{"line":29,"column":33},"end":{"line":32,"column":null}},"15":{"start":{"line":33,"column":4},"end":{"line":33,"column":null}},"16":{"start":{"line":35,"column":4},"end":{"line":39,"column":null}},"17":{"start":{"line":37,"column":6},"end":{"line":37,"column":null}},"18":{"start":{"line":38,"column":6},"end":{"line":38,"column":null}},"19":{"start":{"line":41,"column":17},"end":{"line":41,"column":null}},"20":{"start":{"line":42,"column":21},"end":{"line":42,"column":null}},"21":{"start":{"line":43,"column":4},"end":{"line":43,"column":null}},"22":{"start":{"line":44,"column":4},"end":{"line":44,"column":null}},"23":{"start":{"line":47,"column":2},"end":{"line":118,"column":null}},"24":{"start":{"line":70,"column":29},"end":{"line":70,"column":null}},"25":{"start":{"line":93,"column":29},"end":{"line":93,"column":null}}},"fnMap":{"0":{"name":"LoginForm","decl":{"start":{"line":8,"column":24},"end":{"line":8,"column":36}},"loc":{"start":{"line":8,"column":36},"end":{"line":120,"column":null}},"line":8},"1":{"name":"handleSubmit","decl":{"start":{"line":21,"column":17},"end":{"line":21,"column":30}},"loc":{"start":{"line":21,"column":50},"end":{"line":45,"column":null}},"line":21},"2":{"name":"(anonymous_2)","decl":{"start":{"line":70,"column":22},"end":{"line":70,"column":23}},"loc":{"start":{"line":70,"column":29},"end":{"line":70,"column":null}},"line":70},"3":{"name":"(anonymous_3)","decl":{"start":{"line":93,"column":22},"end":{"line":93,"column":23}},"loc":{"start":{"line":93,"column":29},"end":{"line":93,"column":null}},"line":93}},"branchMap":{"0":{"loc":{"start":{"line":24,"column":4},"end":{"line":27,"column":null}},"type":"if","locations":[{"start":{"line":24,"column":4},"end":{"line":27,"column":null}},{"start":{},"end":{}}],"line":24},"1":{"loc":{"start":{"line":24,"column":8},"end":{"line":24,"column":29}},"type":"binary-expr","locations":[{"start":{"line":24,"column":8},"end":{"line":24,"column":18}},{"start":{"line":24,"column":18},"end":{"line":24,"column":29}}],"line":24},"2":{"loc":{"start":{"line":35,"column":4},"end":{"line":39,"column":null}},"type":"if","locations":[{"start":{"line":35,"column":4},"end":{"line":39,"column":null}},{"start":{},"end":{}}],"line":35},"3":{"loc":{"start":{"line":42,"column":21},"end":{"line":42,"column":null}},"type":"cond-expr","locations":[{"start":{"line":42,"column":45},"end":{"line":42,"column":52}},{"start":{"line":42,"column":52},"end":{"line":42,"column":null}}],"line":42},"4":{"loc":{"start":{"line":54,"column":7},"end":{"line":57,"column":null}},"type":"binary-expr","locations":[{"start":{"line":54,"column":7},"end":{"line":54,"column":null}},{"start":{"line":55,"column":8},"end":{"line":57,"column":null}}],"line":54},"5":{"loc":{"start":{"line":99,"column":9},"end":{"line":100,"column":null}},"type":"binary-expr","locations":[{"start":{"line":99,"column":9},"end":{"line":99,"column":null}},{"start":{"line":100,"column":10},"end":{"line":100,"column":null}}],"line":99},"6":{"loc":{"start":{"line":108,"column":11},"end":{"line":108,"column":null}},"type":"cond-expr","locations":[{"start":{"line":108,"column":24},"end":{"line":108,"column":40}},{"start":{"line":108,"column":40},"end":{"line":108,"column":null}}],"line":108}},"s":{"0":155,"1":155,"2":155,"3":155,"4":155,"5":155,"6":155,"7":155,"8":6,"9":6,"10":6,"11":1,"12":1,"13":5,"14":5,"15":5,"16":5,"17":1,"18":1,"19":4,"20":4,"21":6,"22":6,"23":155,"24":80,"25":57},"f":{"0":155,"1":6,"2":80,"3":57},"b":{"0":[1,5],"1":[6,5],"2":[1,4],"3":[1,3],"4":[155,1],"5":[155,2],"6":[5,150]},"meta":{"lastBranch":7,"lastFunction":4,"lastStatement":26,"seen":{"f:8:24:8:36":0,"s:9:8:9:Infinity":0,"s:10:8:10:Infinity":1,"s:11:8:11:Infinity":2,"s:13:24:13:Infinity":3,"s:14:30:14:Infinity":4,"s:15:24:15:Infinity":5,"s:16:34:16:Infinity":6,"s:19:24:19:Infinity":7,"f:21:17:21:30":1,"s:22:4:22:Infinity":8,"s:23:4:23:Infinity":9,"b:24:4:27:Infinity:undefined:undefined:undefined:undefined":0,"s:24:4:27:Infinity":10,"b:24:8:24:18:24:18:24:29":1,"s:25:6:25:Infinity":11,"s:26:6:26:Infinity":12,"s:28:4:28:Infinity":13,"s:29:33:32:Infinity":14,"s:33:4:33:Infinity":15,"b:35:4:39:Infinity:undefined:undefined:undefined:undefined":2,"s:35:4:39:Infinity":16,"s:37:6:37:Infinity":17,"s:38:6:38:Infinity":18,"s:41:17:41:Infinity":19,"s:42:21:42:Infinity":20,"b:42:45:42:52:42:52:42:Infinity":3,"s:43:4:43:Infinity":21,"s:44:4:44:Infinity":22,"s:47:2:118:Infinity":23,"b:54:7:54:Infinity:55:8:57:Infinity":4,"f:70:22:70:23":2,"s:70:29:70:Infinity":24,"f:93:22:93:23":3,"s:93:29:93:Infinity":25,"b:99:9:99:Infinity:100:10:100:Infinity":5,"b:108:24:108:40:108:40:108:Infinity":6}}}
,"/Users/felipe/playground/kindscreen/src/app/(auth)/login/page.tsx": {"path":"/Users/felipe/playground/kindscreen/src/app/(auth)/login/page.tsx","statementMap":{"0":{"start":{"line":6,"column":2},"end":{"line":9,"column":null}},"1":{"start":{"line":14,"column":2},"end":{"line":21,"column":null}}},"fnMap":{"0":{"name":"LoginPage","decl":{"start":{"line":5,"column":24},"end":{"line":5,"column":36}},"loc":{"start":{"line":5,"column":36},"end":{"line":11,"column":null}},"line":5},"1":{"name":"LoginSkeleton","decl":{"start":{"line":13,"column":9},"end":{"line":13,"column":25}},"loc":{"start":{"line":13,"column":25},"end":{"line":23,"column":null}},"line":13}},"branchMap":{},"s":{"0":2,"1":1},"f":{"0":2,"1":1},"b":{},"meta":{"lastBranch":0,"lastFunction":2,"lastStatement":2,"seen":{"f:5:24:5:36":0,"s:6:2:9:Infinity":0,"f:13:9:13:25":1,"s:14:2:21:Infinity":1}}}
,"/Users/felipe/playground/kindscreen/src/app/(auth)/reset-password/page.tsx": {"path":"/Users/felipe/playground/kindscreen/src/app/(auth)/reset-password/page.tsx","statementMap":{"0":{"start":{"line":8,"column":8},"end":{"line":8,"column":null}},"1":{"start":{"line":9,"column":8},"end":{"line":9,"column":null}},"2":{"start":{"line":11,"column":30},"end":{"line":11,"column":null}},"3":{"start":{"line":12,"column":28},"end":{"line":12,"column":null}},"4":{"start":{"line":13,"column":24},"end":{"line":13,"column":null}},"5":{"start":{"line":14,"column":34},"end":{"line":14,"column":null}},"6":{"start":{"line":15,"column":42},"end":{"line":15,"column":null}},"7":{"start":{"line":17,"column":2},"end":{"line":25,"column":null}},"8":{"start":{"line":18,"column":4},"end":{"line":24,"column":null}},"9":{"start":{"line":19,"column":6},"end":{"line":23,"column":null}},"10":{"start":{"line":20,"column":8},"end":{"line":20,"column":null}},"11":{"start":{"line":22,"column":8},"end":{"line":22,"column":null}},"12":{"start":{"line":28,"column":4},"end":{"line":28,"column":null}},"13":{"start":{"line":29,"column":4},"end":{"line":29,"column":null}},"14":{"start":{"line":31,"column":4},"end":{"line":34,"column":null}},"15":{"start":{"line":32,"column":6},"end":{"line":32,"column":null}},"16":{"start":{"line":33,"column":6},"end":{"line":33,"column":null}},"17":{"start":{"line":35,"column":4},"end":{"line":38,"column":null}},"18":{"start":{"line":36,"column":6},"end":{"line":36,"column":null}},"19":{"start":{"line":37,"column":6},"end":{"line":37,"column":null}},"20":{"start":{"line":39,"column":4},"end":{"line":42,"column":null}},"21":{"start":{"line":40,"column":6},"end":{"line":40,"column":null}},"22":{"start":{"line":41,"column":6},"end":{"line":41,"column":null}},"23":{"start":{"line":44,"column":4},"end":{"line":44,"column":null}},"24":{"start":{"line":45,"column":35},"end":{"line":45,"column":null}},"25":{"start":{"line":46,"column":4},"end":{"line":46,"column":null}},"26":{"start":{"line":48,"column":4},"end":{"line":51,"column":null}},"27":{"start":{"line":49,"column":6},"end":{"line":49,"column":null}},"28":{"start":{"line":50,"column":6},"end":{"line":50,"column":null}},"29":{"start":{"line":53,"column":4},"end":{"line":53,"column":null}},"30":{"start":{"line":56,"column":2},"end":{"line":62,"column":null}},"31":{"start":{"line":57,"column":4},"end":{"line":60,"column":null}},"32":{"start":{"line":64,"column":2},"end":{"line":116,"column":null}},"33":{"start":{"line":83,"column":29},"end":{"line":83,"column":null}},"34":{"start":{"line":98,"column":29},"end":{"line":98,"column":null}}},"fnMap":{"0":{"name":"ResetPasswordPage","decl":{"start":{"line":7,"column":24},"end":{"line":7,"column":44}},"loc":{"start":{"line":7,"column":44},"end":{"line":118,"column":null}},"line":7},"1":{"name":"(anonymous_1)","decl":{"start":{"line":17,"column":12},"end":{"line":17,"column":18}},"loc":{"start":{"line":17,"column":18},"end":{"line":25,"column":5}},"line":17},"2":{"name":"(anonymous_2)","decl":{"start":{"line":18,"column":36},"end":{"line":18,"column":37}},"loc":{"start":{"line":18,"column":63},"end":{"line":24,"column":5}},"line":18},"3":{"name":"handleSubmit","decl":{"start":{"line":27,"column":17},"end":{"line":27,"column":30}},"loc":{"start":{"line":27,"column":50},"end":{"line":54,"column":null}},"line":27},"4":{"name":"(anonymous_4)","decl":{"start":{"line":83,"column":22},"end":{"line":83,"column":23}},"loc":{"start":{"line":83,"column":29},"end":{"line":83,"column":null}},"line":83},"5":{"name":"(anonymous_5)","decl":{"start":{"line":98,"column":22},"end":{"line":98,"column":23}},"loc":{"start":{"line":98,"column":29},"end":{"line":98,"column":null}},"line":98}},"branchMap":{"0":{"loc":{"start":{"line":19,"column":6},"end":{"line":23,"column":null}},"type":"if","locations":[{"start":{"line":19,"column":6},"end":{"line":23,"column":null}},{"start":{"line":21,"column":13},"end":{"line":23,"column":null}}],"line":19},"1":{"loc":{"start":{"line":31,"column":4},"end":{"line":34,"column":null}},"type":"if","locations":[{"start":{"line":31,"column":4},"end":{"line":34,"column":null}},{"start":{},"end":{}}],"line":31},"2":{"loc":{"start":{"line":35,"column":4},"end":{"line":38,"column":null}},"type":"if","locations":[{"start":{"line":35,"column":4},"end":{"line":38,"column":null}},{"start":{},"end":{}}],"line":35},"3":{"loc":{"start":{"line":39,"column":4},"end":{"line":42,"column":null}},"type":"if","locations":[{"start":{"line":39,"column":4},"end":{"line":42,"column":null}},{"start":{},"end":{}}],"line":39},"4":{"loc":{"start":{"line":48,"column":4},"end":{"line":51,"column":null}},"type":"if","locations":[{"start":{"line":48,"column":4},"end":{"line":51,"column":null}},{"start":{},"end":{}}],"line":48},"5":{"loc":{"start":{"line":56,"column":2},"end":{"line":62,"column":null}},"type":"if","locations":[{"start":{"line":56,"column":2},"end":{"line":62,"column":null}},{"start":{},"end":{}}],"line":56},"6":{"loc":{"start":{"line":104,"column":9},"end":{"line":105,"column":null}},"type":"binary-expr","locations":[{"start":{"line":104,"column":9},"end":{"line":104,"column":null}},{"start":{"line":105,"column":10},"end":{"line":105,"column":null}}],"line":104},"7":{"loc":{"start":{"line":113,"column":11},"end":{"line":113,"column":null}},"type":"cond-expr","locations":[{"start":{"line":113,"column":24},"end":{"line":113,"column":36}},{"start":{"line":113,"column":36},"end":{"line":113,"column":null}}],"line":113}},"s":{"0":187,"1":187,"2":187,"3":187,"4":187,"5":187,"6":187,"7":187,"8":99,"9":98,"10":1,"11":97,"12":5,"13":5,"14":5,"15":1,"16":1,"17":4,"18":1,"19":1,"20":3,"21":1,"22":1,"23":2,"24":2,"25":2,"26":2,"27":1,"28":1,"29":1,"30":187,"31":8,"32":179,"33":41,"34":37},"f":{"0":187,"1":99,"2":98,"3":5,"4":41,"5":37},"b":{"0":[1,97],"1":[1,4],"2":[1,3],"3":[1,2],"4":[1,1],"5":[8,179],"6":[179,8],"7":[2,177]},"meta":{"lastBranch":8,"lastFunction":6,"lastStatement":35,"seen":{"f:7:24:7:44":0,"s:8:8:8:Infinity":0,"s:9:8:9:Infinity":1,"s:11:30:11:Infinity":2,"s:12:28:12:Infinity":3,"s:13:24:13:Infinity":4,"s:14:34:14:Infinity":5,"s:15:42:15:Infinity":6,"s:17:2:25:Infinity":7,"f:17:12:17:18":1,"s:18:4:24:Infinity":8,"f:18:36:18:37":2,"b:19:6:23:Infinity:21:13:23:Infinity":0,"s:19:6:23:Infinity":9,"s:20:8:20:Infinity":10,"s:22:8:22:Infinity":11,"f:27:17:27:30":3,"s:28:4:28:Infinity":12,"s:29:4:29:Infinity":13,"b:31:4:34:Infinity:undefined:undefined:undefined:undefined":1,"s:31:4:34:Infinity":14,"s:32:6:32:Infinity":15,"s:33:6:33:Infinity":16,"b:35:4:38:Infinity:undefined:undefined:undefined:undefined":2,"s:35:4:38:Infinity":17,"s:36:6:36:Infinity":18,"s:37:6:37:Infinity":19,"b:39:4:42:Infinity:undefined:undefined:undefined:undefined":3,"s:39:4:42:Infinity":20,"s:40:6:40:Infinity":21,"s:41:6:41:Infinity":22,"s:44:4:44:Infinity":23,"s:45:35:45:Infinity":24,"s:46:4:46:Infinity":25,"b:48:4:51:Infinity:undefined:undefined:undefined:undefined":4,"s:48:4:51:Infinity":26,"s:49:6:49:Infinity":27,"s:50:6:50:Infinity":28,"s:53:4:53:Infinity":29,"b:56:2:62:Infinity:undefined:undefined:undefined:undefined":5,"s:56:2:62:Infinity":30,"s:57:4:60:Infinity":31,"s:64:2:116:Infinity":32,"f:83:22:83:23":4,"s:83:29:83:Infinity":33,"f:98:22:98:23":5,"s:98:29:98:Infinity":34,"b:104:9:104:Infinity:105:10:105:Infinity":6,"b:113:24:113:36:113:36:113:Infinity":7}}}
,"/Users/felipe/playground/kindscreen/src/app/(auth)/signup/page.tsx": {"path":"/Users/felipe/playground/kindscreen/src/app/(auth)/signup/page.tsx","statementMap":{"0":{"start":{"line":11,"column":8},"end":{"line":11,"column":null}},"1":{"start":{"line":12,"column":8},"end":{"line":12,"column":null}},"2":{"start":{"line":14,"column":24},"end":{"line":14,"column":null}},"3":{"start":{"line":15,"column":30},"end":{"line":15,"column":null}},"4":{"start":{"line":16,"column":30},"end":{"line":16,"column":null}},"5":{"start":{"line":17,"column":28},"end":{"line":17,"column":null}},"6":{"start":{"line":18,"column":36},"end":{"line":18,"column":null}},"7":{"start":{"line":19,"column":36},"end":{"line":19,"column":null}},"8":{"start":{"line":20,"column":34},"end":{"line":20,"column":null}},"9":{"start":{"line":23,"column":8},"end":{"line":23,"column":null}},"10":{"start":{"line":24,"column":8},"end":{"line":24,"column":null}},"11":{"start":{"line":27,"column":18},"end":{"line":27,"column":null}},"12":{"start":{"line":28,"column":4},"end":{"line":28,"column":null}},"13":{"start":{"line":28,"column":78},"end":{"line":28,"column":null}},"14":{"start":{"line":30,"column":4},"end":{"line":30,"column":null}},"15":{"start":{"line":31,"column":4},"end":{"line":31,"column":null}},"16":{"start":{"line":33,"column":4},"end":{"line":53,"column":null}},"17":{"start":{"line":34,"column":18},"end":{"line":36,"column":null}},"18":{"start":{"line":37,"column":19},"end":{"line":37,"column":null}},"19":{"start":{"line":38,"column":6},"end":{"line":38,"column":null}},"20":{"start":{"line":39,"column":6},"end":{"line":50,"column":null}},"21":{"start":{"line":40,"column":8},"end":{"line":43,"column":null}},"22":{"start":{"line":40,"column":34},"end":{"line":43,"column":10}},"23":{"start":{"line":45,"column":8},"end":{"line":49,"column":null}},"24":{"start":{"line":46,"column":23},"end":{"line":46,"column":null}},"25":{"start":{"line":47,"column":10},"end":{"line":47,"column":null}},"26":{"start":{"line":48,"column":10},"end":{"line":48,"column":null}},"27":{"start":{"line":57,"column":4},"end":{"line":57,"column":null}},"28":{"start":{"line":58,"column":4},"end":{"line":58,"column":null}},"29":{"start":{"line":60,"column":18},"end":{"line":60,"column":null}},"30":{"start":{"line":61,"column":10},"end":{"line":61,"column":null}},"31":{"start":{"line":62,"column":4},"end":{"line":65,"column":null}},"32":{"start":{"line":63,"column":6},"end":{"line":63,"column":null}},"33":{"start":{"line":64,"column":6},"end":{"line":64,"column":null}},"34":{"start":{"line":66,"column":4},"end":{"line":72,"column":null}},"35":{"start":{"line":67,"column":6},"end":{"line":70,"column":null}},"36":{"start":{"line":67,"column":32},"end":{"line":70,"column":8}},"37":{"start":{"line":71,"column":6},"end":{"line":71,"column":null}},"38":{"start":{"line":74,"column":4},"end":{"line":74,"column":null}},"39":{"start":{"line":75,"column":22},"end":{"line":81,"column":null}},"40":{"start":{"line":82,"column":4},"end":{"line":82,"column":null}},"41":{"start":{"line":84,"column":4},"end":{"line":96,"column":null}},"42":{"start":{"line":85,"column":6},"end":{"line":94,"column":null}},"43":{"start":{"line":86,"column":8},"end":{"line":86,"column":null}},"44":{"start":{"line":87,"column":6},"end":{"line":94,"column":null}},"45":{"start":{"line":88,"column":8},"end":{"line":91,"column":null}},"46":{"start":{"line":88,"column":34},"end":{"line":91,"column":10}},"47":{"start":{"line":93,"column":8},"end":{"line":93,"column":null}},"48":{"start":{"line":95,"column":6},"end":{"line":95,"column":null}},"49":{"start":{"line":98,"column":4},"end":{"line":98,"column":null}},"50":{"start":{"line":101,"column":2},"end":{"line":215,"column":null}},"51":{"start":{"line":121,"column":29},"end":{"line":121,"column":null}},"52":{"start":{"line":141,"column":26},"end":{"line":141,"column":null}},"53":{"start":{"line":142,"column":14},"end":{"line":142,"column":null}},"54":{"start":{"line":143,"column":14},"end":{"line":143,"column":null}},"55":{"start":{"line":145,"column":27},"end":{"line":145,"column":null}},"56":{"start":{"line":168,"column":29},"end":{"line":168,"column":null}},"57":{"start":{"line":187,"column":29},"end":{"line":187,"column":null}}},"fnMap":{"0":{"name":"SignupPage","decl":{"start":{"line":10,"column":24},"end":{"line":10,"column":37}},"loc":{"start":{"line":10,"column":37},"end":{"line":217,"column":null}},"line":10},"1":{"name":"checkUsername","decl":{"start":{"line":26,"column":17},"end":{"line":26,"column":31}},"loc":{"start":{"line":26,"column":46},"end":{"line":54,"column":null}},"line":26},"2":{"name":"(anonymous_2)","decl":{"start":{"line":40,"column":23},"end":{"line":40,"column":24}},"loc":{"start":{"line":40,"column":34},"end":{"line":43,"column":10}},"line":40},"3":{"name":"(anonymous_3)","decl":{"start":{"line":45,"column":23},"end":{"line":45,"column":24}},"loc":{"start":{"line":45,"column":33},"end":{"line":49,"column":9}},"line":45},"4":{"name":"handleSubmit","decl":{"start":{"line":56,"column":17},"end":{"line":56,"column":30}},"loc":{"start":{"line":56,"column":50},"end":{"line":99,"column":null}},"line":56},"5":{"name":"(anonymous_5)","decl":{"start":{"line":67,"column":21},"end":{"line":67,"column":22}},"loc":{"start":{"line":67,"column":32},"end":{"line":70,"column":8}},"line":67},"6":{"name":"(anonymous_6)","decl":{"start":{"line":88,"column":23},"end":{"line":88,"column":24}},"loc":{"start":{"line":88,"column":34},"end":{"line":91,"column":10}},"line":88},"7":{"name":"(anonymous_7)","decl":{"start":{"line":121,"column":22},"end":{"line":121,"column":23}},"loc":{"start":{"line":121,"column":29},"end":{"line":121,"column":null}},"line":121},"8":{"name":"(anonymous_8)","decl":{"start":{"line":140,"column":22},"end":{"line":140,"column":23}},"loc":{"start":{"line":140,"column":29},"end":{"line":144,"column":null}},"line":140},"9":{"name":"(anonymous_9)","decl":{"start":{"line":145,"column":20},"end":{"line":145,"column":21}},"loc":{"start":{"line":145,"column":27},"end":{"line":145,"column":null}},"line":145},"10":{"name":"(anonymous_10)","decl":{"start":{"line":168,"column":22},"end":{"line":168,"column":23}},"loc":{"start":{"line":168,"column":29},"end":{"line":168,"column":null}},"line":168},"11":{"name":"(anonymous_11)","decl":{"start":{"line":187,"column":22},"end":{"line":187,"column":23}},"loc":{"start":{"line":187,"column":29},"end":{"line":187,"column":null}},"line":187}},"branchMap":{"0":{"loc":{"start":{"line":28,"column":4},"end":{"line":28,"column":null}},"type":"if","locations":[{"start":{"line":28,"column":4},"end":{"line":28,"column":null}},{"start":{},"end":{}}],"line":28},"1":{"loc":{"start":{"line":28,"column":8},"end":{"line":28,"column":78}},"type":"binary-expr","locations":[{"start":{"line":28,"column":8},"end":{"line":28,"column":39}},{"start":{"line":28,"column":39},"end":{"line":28,"column":78}}],"line":28},"2":{"loc":{"start":{"line":38,"column":34},"end":{"line":38,"column":null}},"type":"binary-expr","locations":[{"start":{"line":38,"column":34},"end":{"line":38,"column":52}},{"start":{"line":38,"column":52},"end":{"line":38,"column":null}}],"line":38},"3":{"loc":{"start":{"line":39,"column":6},"end":{"line":50,"column":null}},"type":"if","locations":[{"start":{"line":39,"column":6},"end":{"line":50,"column":null}},{"start":{"line":44,"column":13},"end":{"line":50,"column":null}}],"line":39},"4":{"loc":{"start":{"line":62,"column":4},"end":{"line":65,"column":null}},"type":"if","locations":[{"start":{"line":62,"column":4},"end":{"line":65,"column":null}},{"start":{},"end":{}}],"line":62},"5":{"loc":{"start":{"line":66,"column":4},"end":{"line":72,"column":null}},"type":"if","locations":[{"start":{"line":66,"column":4},"end":{"line":72,"column":null}},{"start":{},"end":{}}],"line":66},"6":{"loc":{"start":{"line":84,"column":4},"end":{"line":96,"column":null}},"type":"if","locations":[{"start":{"line":84,"column":4},"end":{"line":96,"column":null}},{"start":{},"end":{}}],"line":84},"7":{"loc":{"start":{"line":85,"column":6},"end":{"line":94,"column":null}},"type":"if","locations":[{"start":{"line":85,"column":6},"end":{"line":94,"column":null}},{"start":{"line":87,"column":6},"end":{"line":94,"column":null}}],"line":85},"8":{"loc":{"start":{"line":87,"column":6},"end":{"line":94,"column":null}},"type":"if","locations":[{"start":{"line":87,"column":6},"end":{"line":94,"column":null}},{"start":{"line":92,"column":13},"end":{"line":94,"column":null}}],"line":87},"9":{"loc":{"start":{"line":125,"column":11},"end":{"line":126,"column":null}},"type":"binary-expr","locations":[{"start":{"line":125,"column":11},"end":{"line":125,"column":null}},{"start":{"line":126,"column":12},"end":{"line":126,"column":null}}],"line":125},"10":{"loc":{"start":{"line":149,"column":11},"end":{"line":154,"column":null}},"type":"cond-expr","locations":[{"start":{"line":150,"column":12},"end":{"line":150,"column":null}},{"start":{"line":152,"column":12},"end":{"line":154,"column":null}}],"line":149},"11":{"loc":{"start":{"line":172,"column":11},"end":{"line":173,"column":null}},"type":"binary-expr","locations":[{"start":{"line":172,"column":11},"end":{"line":172,"column":null}},{"start":{"line":173,"column":12},"end":{"line":173,"column":null}}],"line":172},"12":{"loc":{"start":{"line":191,"column":11},"end":{"line":192,"column":null}},"type":"binary-expr","locations":[{"start":{"line":191,"column":11},"end":{"line":191,"column":null}},{"start":{"line":192,"column":12},"end":{"line":192,"column":null}}],"line":191},"13":{"loc":{"start":{"line":196,"column":9},"end":{"line":197,"column":null}},"type":"binary-expr","locations":[{"start":{"line":196,"column":9},"end":{"line":196,"column":null}},{"start":{"line":197,"column":10},"end":{"line":197,"column":null}}],"line":196},"14":{"loc":{"start":{"line":205,"column":11},"end":{"line":205,"column":null}},"type":"cond-expr","locations":[{"start":{"line":205,"column":24},"end":{"line":205,"column":46}},{"start":{"line":205,"column":46},"end":{"line":205,"column":null}}],"line":205}},"s":{"0":393,"1":393,"2":393,"3":393,"4":393,"5":393,"6":393,"7":393,"8":393,"9":393,"10":393,"11":13,"12":13,"13":2,"14":11,"15":11,"16":11,"17":11,"18":10,"19":10,"20":13,"21":2,"22":2,"23":8,"24":8,"25":8,"26":8,"27":8,"28":8,"29":8,"30":8,"31":8,"32":3,"33":3,"34":5,"35":1,"36":1,"37":1,"38":4,"39":4,"40":4,"41":4,"42":3,"43":1,"44":2,"45":1,"46":1,"47":1,"48":3,"49":1,"50":393,"51":95,"52":107,"53":107,"54":107,"55":13,"56":77,"57":78},"f":{"0":393,"1":13,"2":2,"3":8,"4":8,"5":1,"6":1,"7":95,"8":107,"9":13,"10":77,"11":78},"b":{"0":[2,11],"1":[13,12],"2":[10,1],"3":[2,8],"4":[3,5],"5":[1,4],"6":[3,1],"7":[1,2],"8":[1,1],"9":[393,1],"10":[28,365],"11":[393,1],"12":[393,2],"13":[393,2],"14":[4,389]},"meta":{"lastBranch":15,"lastFunction":12,"lastStatement":58,"seen":{"f:10:24:10:37":0,"s:11:8:11:Infinity":0,"s:12:8:12:Infinity":1,"s:14:24:14:Infinity":2,"s:15:30:15:Infinity":3,"s:16:30:16:Infinity":4,"s:17:28:17:Infinity":5,"s:18:36:18:Infinity":6,"s:19:36:19:Infinity":7,"s:20:34:20:Infinity":8,"s:23:8:23:Infinity":9,"s:24:8:24:Infinity":10,"f:26:17:26:31":1,"s:27:18:27:Infinity":11,"b:28:4:28:Infinity:undefined:undefined:undefined:undefined":0,"s:28:4:28:Infinity":12,"b:28:8:28:39:28:39:28:78":1,"s:28:78:28:Infinity":13,"s:30:4:30:Infinity":14,"s:31:4:31:Infinity":15,"s:33:4:53:Infinity":16,"s:34:18:36:Infinity":17,"s:37:19:37:Infinity":18,"s:38:6:38:Infinity":19,"b:38:34:38:52:38:52:38:Infinity":2,"b:39:6:50:Infinity:44:13:50:Infinity":3,"s:39:6:50:Infinity":20,"s:40:8:43:Infinity":21,"f:40:23:40:24":2,"s:40:34:43:10":22,"s:45:8:49:Infinity":23,"f:45:23:45:24":3,"s:46:23:46:Infinity":24,"s:47:10:47:Infinity":25,"s:48:10:48:Infinity":26,"f:56:17:56:30":4,"s:57:4:57:Infinity":27,"s:58:4:58:Infinity":28,"s:60:18:60:Infinity":29,"s:61:10:61:Infinity":30,"b:62:4:65:Infinity:undefined:undefined:undefined:undefined":4,"s:62:4:65:Infinity":31,"s:63:6:63:Infinity":32,"s:64:6:64:Infinity":33,"b:66:4:72:Infinity:undefined:undefined:undefined:undefined":5,"s:66:4:72:Infinity":34,"s:67:6:70:Infinity":35,"f:67:21:67:22":5,"s:67:32:70:8":36,"s:71:6:71:Infinity":37,"s:74:4:74:Infinity":38,"s:75:22:81:Infinity":39,"s:82:4:82:Infinity":40,"b:84:4:96:Infinity:undefined:undefined:undefined:undefined":6,"s:84:4:96:Infinity":41,"b:85:6:94:Infinity:87:6:94:Infinity":7,"s:85:6:94:Infinity":42,"s:86:8:86:Infinity":43,"b:87:6:94:Infinity:92:13:94:Infinity":8,"s:87:6:94:Infinity":44,"s:88:8:91:Infinity":45,"f:88:23:88:24":6,"s:88:34:91:10":46,"s:93:8:93:Infinity":47,"s:95:6:95:Infinity":48,"s:98:4:98:Infinity":49,"s:101:2:215:Infinity":50,"f:121:22:121:23":7,"s:121:29:121:Infinity":51,"b:125:11:125:Infinity:126:12:126:Infinity":9,"f:140:22:140:23":8,"s:141:26:141:Infinity":52,"s:142:14:142:Infinity":53,"s:143:14:143:Infinity":54,"f:145:20:145:21":9,"s:145:27:145:Infinity":55,"b:150:12:150:Infinity:152:12:154:Infinity":10,"f:168:22:168:23":10,"s:168:29:168:Infinity":56,"b:172:11:172:Infinity:173:12:173:Infinity":11,"f:187:22:187:23":11,"s:187:29:187:Infinity":57,"b:191:11:191:Infinity:192:12:192:Infinity":12,"b:196:9:196:Infinity:197:10:197:Infinity":13,"b:205:24:205:46:205:46:205:Infinity":14}}}
,"/Users/felipe/playground/kindscreen/src/app/(auth)/signup/confirm/page.tsx": {"path":"/Users/felipe/playground/kindscreen/src/app/(auth)/signup/confirm/page.tsx","statementMap":{"0":{"start":{"line":4,"column":2},"end":{"line":20,"column":null}}},"fnMap":{"0":{"name":"SignupConfirmPage","decl":{"start":{"line":3,"column":24},"end":{"line":3,"column":44}},"loc":{"start":{"line":3,"column":44},"end":{"line":22,"column":null}},"line":3}},"branchMap":{},"s":{"0":1},"f":{"0":1},"b":{},"meta":{"lastBranch":0,"lastFunction":1,"lastStatement":1,"seen":{"f:3:24:3:44":0,"s:4:2:20:Infinity":0}}}
,"/Users/felipe/playground/kindscreen/src/app/(moderator)/moderator/FlaggedVideos.tsx": {"path":"/Users/felipe/playground/kindscreen/src/app/(moderator)/moderator/FlaggedVideos.tsx","statementMap":{"0":{"start":{"line":26,"column":26},"end":{"line":26,"column":null}},"1":{"start":{"line":27,"column":28},"end":{"line":27,"column":null}},"2":{"start":{"line":28,"column":26},"end":{"line":28,"column":null}},"3":{"start":{"line":31,"column":4},"end":{"line":31,"column":null}},"4":{"start":{"line":31,"column":23},"end":{"line":31,"column":49}},"5":{"start":{"line":32,"column":4},"end":{"line":32,"column":null}},"6":{"start":{"line":32,"column":36},"end":{"line":32,"column":46}},"7":{"start":{"line":32,"column":46},"end":{"line":32,"column":68}},"8":{"start":{"line":32,"column":68},"end":{"line":32,"column":80}},"9":{"start":{"line":34,"column":4},"end":{"line":53,"column":null}},"10":{"start":{"line":35,"column":18},"end":{"line":39,"column":null}},"11":{"start":{"line":41,"column":6},"end":{"line":45,"column":null}},"12":{"start":{"line":42,"column":22},"end":{"line":42,"column":null}},"13":{"start":{"line":43,"column":8},"end":{"line":43,"column":null}},"14":{"start":{"line":43,"column":26},"end":{"line":43,"column":85}},"15":{"start":{"line":44,"column":8},"end":{"line":44,"column":null}},"16":{"start":{"line":48,"column":6},"end":{"line":48,"column":null}},"17":{"start":{"line":48,"column":26},"end":{"line":48,"column":62}},"18":{"start":{"line":48,"column":45},"end":{"line":48,"column":61}},"19":{"start":{"line":50,"column":6},"end":{"line":50,"column":null}},"20":{"start":{"line":50,"column":24},"end":{"line":50,"column":75}},"21":{"start":{"line":52,"column":6},"end":{"line":52,"column":null}},"22":{"start":{"line":52,"column":39},"end":{"line":52,"column":49}},"23":{"start":{"line":52,"column":49},"end":{"line":52,"column":71}},"24":{"start":{"line":52,"column":71},"end":{"line":52,"column":83}},"25":{"start":{"line":56,"column":2},"end":{"line":64,"column":null}},"26":{"start":{"line":57,"column":4},"end":{"line":62,"column":null}},"27":{"start":{"line":66,"column":2},"end":{"line":142,"column":null}},"28":{"start":{"line":69,"column":8},"end":{"line":140,"column":null}},"29":{"start":{"line":111,"column":14},"end":{"line":113,"column":null}},"30":{"start":{"line":125,"column":29},"end":{"line":125,"column":null}},"31":{"start":{"line":133,"column":29},"end":{"line":133,"column":null}}},"fnMap":{"0":{"name":"FlaggedVideos","decl":{"start":{"line":25,"column":24},"end":{"line":25,"column":38}},"loc":{"start":{"line":25,"column":64},"end":{"line":144,"column":null}},"line":25},"1":{"name":"handleAction","decl":{"start":{"line":30,"column":17},"end":{"line":30,"column":30}},"loc":{"start":{"line":30,"column":77},"end":{"line":54,"column":null}},"line":30},"2":{"name":"(anonymous_2)","decl":{"start":{"line":31,"column":15},"end":{"line":31,"column":16}},"loc":{"start":{"line":31,"column":23},"end":{"line":31,"column":49}},"line":31},"3":{"name":"(anonymous_3)","decl":{"start":{"line":32,"column":14},"end":{"line":32,"column":15}},"loc":{"start":{"line":32,"column":21},"end":{"line":32,"column":81}},"line":32},"4":{"name":"(anonymous_4)","decl":{"start":{"line":43,"column":18},"end":{"line":43,"column":19}},"loc":{"start":{"line":43,"column":26},"end":{"line":43,"column":85}},"line":43},"5":{"name":"(anonymous_5)","decl":{"start":{"line":48,"column":16},"end":{"line":48,"column":17}},"loc":{"start":{"line":48,"column":26},"end":{"line":48,"column":62}},"line":48},"6":{"name":"(anonymous_6)","decl":{"start":{"line":48,"column":38},"end":{"line":48,"column":39}},"loc":{"start":{"line":48,"column":45},"end":{"line":48,"column":61}},"line":48},"7":{"name":"(anonymous_7)","decl":{"start":{"line":50,"column":16},"end":{"line":50,"column":17}},"loc":{"start":{"line":50,"column":24},"end":{"line":50,"column":75}},"line":50},"8":{"name":"(anonymous_8)","decl":{"start":{"line":52,"column":17},"end":{"line":52,"column":18}},"loc":{"start":{"line":52,"column":24},"end":{"line":52,"column":84}},"line":52},"9":{"name":"(anonymous_9)","decl":{"start":{"line":68,"column":18},"end":{"line":68,"column":19}},"loc":{"start":{"line":69,"column":8},"end":{"line":140,"column":null}},"line":69},"10":{"name":"(anonymous_10)","decl":{"start":{"line":110,"column":29},"end":{"line":110,"column":30}},"loc":{"start":{"line":111,"column":14},"end":{"line":113,"column":null}},"line":111},"11":{"name":"(anonymous_11)","decl":{"start":{"line":125,"column":23},"end":{"line":125,"column":29}},"loc":{"start":{"line":125,"column":29},"end":{"line":125,"column":null}},"line":125},"12":{"name":"(anonymous_12)","decl":{"start":{"line":133,"column":23},"end":{"line":133,"column":29}},"loc":{"start":{"line":133,"column":29},"end":{"line":133,"column":null}},"line":133}},"branchMap":{"0":{"loc":{"start":{"line":41,"column":6},"end":{"line":45,"column":null}},"type":"if","locations":[{"start":{"line":41,"column":6},"end":{"line":45,"column":null}},{"start":{},"end":{}}],"line":41},"1":{"loc":{"start":{"line":43,"column":45},"end":{"line":43,"column":83}},"type":"binary-expr","locations":[{"start":{"line":43,"column":45},"end":{"line":43,"column":59}},{"start":{"line":43,"column":59},"end":{"line":43,"column":83}}],"line":43},"2":{"loc":{"start":{"line":56,"column":2},"end":{"line":64,"column":null}},"type":"if","locations":[{"start":{"line":56,"column":2},"end":{"line":64,"column":null}},{"start":{},"end":{}}],"line":56},"3":{"loc":{"start":{"line":73,"column":15},"end":{"line":84,"column":null}},"type":"cond-expr","locations":[{"start":{"line":74,"column":16},"end":{"line":80,"column":null}},{"start":{"line":82,"column":16},"end":{"line":84,"column":null}}],"line":73},"4":{"loc":{"start":{"line":102,"column":43},"end":{"line":102,"column":87}},"type":"cond-expr","locations":[{"start":{"line":102,"column":70},"end":{"line":102,"column":79}},{"start":{"line":102,"column":79},"end":{"line":102,"column":87}}],"line":102},"5":{"loc":{"start":{"line":117,"column":11},"end":{"line":118,"column":null}},"type":"binary-expr","locations":[{"start":{"line":117,"column":11},"end":{"line":117,"column":null}},{"start":{"line":118,"column":12},"end":{"line":118,"column":null}}],"line":117},"6":{"loc":{"start":{"line":129,"column":15},"end":{"line":129,"column":null}},"type":"cond-expr","locations":[{"start":{"line":129,"column":35},"end":{"line":129,"column":41}},{"start":{"line":129,"column":41},"end":{"line":129,"column":null}}],"line":129},"7":{"loc":{"start":{"line":137,"column":15},"end":{"line":137,"column":null}},"type":"cond-expr","locations":[{"start":{"line":137,"column":35},"end":{"line":137,"column":41}},{"start":{"line":137,"column":41},"end":{"line":137,"column":null}}],"line":137}},"s":{"0":27,"1":27,"2":27,"3":7,"4":7,"5":7,"6":7,"7":7,"8":7,"9":7,"10":7,"11":6,"12":2,"13":2,"14":2,"15":2,"16":4,"17":3,"18":4,"19":1,"20":1,"21":7,"22":6,"23":6,"24":6,"25":27,"26":3,"27":24,"28":27,"29":28,"30":6,"31":1},"f":{"0":27,"1":7,"2":7,"3":7,"4":2,"5":3,"6":4,"7":1,"8":6,"9":27,"10":28,"11":6,"12":1},"b":{"0":[2,4],"1":[2,1],"2":[3,24],"3":[1,26],"4":[26,1],"5":[27,3],"6":[7,20],"7":[7,20]},"meta":{"lastBranch":8,"lastFunction":13,"lastStatement":32,"seen":{"f:25:24:25:38":0,"s:26:26:26:Infinity":0,"s:27:28:27:Infinity":1,"s:28:26:28:Infinity":2,"f:30:17:30:30":1,"s:31:4:31:Infinity":3,"f:31:15:31:16":2,"s:31:23:31:49":4,"s:32:4:32:Infinity":5,"f:32:14:32:15":3,"s:32:36:32:46":6,"s:32:46:32:68":7,"s:32:68:32:80":8,"s:34:4:53:Infinity":9,"s:35:18:39:Infinity":10,"b:41:6:45:Infinity:undefined:undefined:undefined:undefined":0,"s:41:6:45:Infinity":11,"s:42:22:42:Infinity":12,"s:43:8:43:Infinity":13,"f:43:18:43:19":4,"s:43:26:43:85":14,"b:43:45:43:59:43:59:43:83":1,"s:44:8:44:Infinity":15,"s:48:6:48:Infinity":16,"f:48:16:48:17":5,"s:48:26:48:62":17,"f:48:38:48:39":6,"s:48:45:48:61":18,"s:50:6:50:Infinity":19,"f:50:16:50:17":7,"s:50:24:50:75":20,"s:52:6:52:Infinity":21,"f:52:17:52:18":8,"s:52:39:52:49":22,"s:52:49:52:71":23,"s:52:71:52:83":24,"b:56:2:64:Infinity:undefined:undefined:undefined:undefined":2,"s:56:2:64:Infinity":25,"s:57:4:62:Infinity":26,"s:66:2:142:Infinity":27,"f:68:18:68:19":9,"s:69:8:140:Infinity":28,"b:74:16:80:Infinity:82:16:84:Infinity":3,"b:102:70:102:79:102:79:102:87":4,"f:110:29:110:30":10,"s:111:14:113:Infinity":29,"b:117:11:117:Infinity:118:12:118:Infinity":5,"f:125:23:125:29":11,"s:125:29:125:Infinity":30,"b:129:35:129:41:129:41:129:Infinity":6,"f:133:23:133:29":12,"s:133:29:133:Infinity":31,"b:137:35:137:41:137:41:137:Infinity":7}}}
,"/Users/felipe/playground/kindscreen/src/app/(moderator)/moderator/page.tsx": {"path":"/Users/felipe/playground/kindscreen/src/app/(moderator)/moderator/page.tsx","statementMap":{"0":{"start":{"line":7,"column":19},"end":{"line":7,"column":null}},"1":{"start":{"line":9,"column":29},"end":{"line":9,"column":null}},"2":{"start":{"line":10,"column":2},"end":{"line":10,"column":null}},"3":{"start":{"line":10,"column":13},"end":{"line":10,"column":null}},"4":{"start":{"line":13,"column":26},"end":{"line":14,"column":null}},"5":{"start":{"line":17,"column":2},"end":{"line":17,"column":null}},"6":{"start":{"line":17,"column":14},"end":{"line":17,"column":null}},"7":{"start":{"line":20,"column":29},"end":{"line":25,"column":null}},"8":{"start":{"line":43,"column":19},"end":{"line":43,"column":null}},"9":{"start":{"line":44,"column":2},"end":{"line":63,"column":null}},"10":{"start":{"line":45,"column":4},"end":{"line":45,"column":null}},"11":{"start":{"line":45,"column":22},"end":{"line":45,"column":null}},"12":{"start":{"line":46,"column":16},"end":{"line":46,"column":null}},"13":{"start":{"line":47,"column":4},"end":{"line":56,"column":null}},"14":{"start":{"line":48,"column":6},"end":{"line":55,"column":null}},"15":{"start":{"line":57,"column":31},"end":{"line":61,"column":null}},"16":{"start":{"line":62,"column":4},"end":{"line":62,"column":null}},"17":{"start":{"line":66,"column":24},"end":{"line":68,"column":null}},"18":{"start":{"line":67,"column":14},"end":{"line":67,"column":null}},"19":{"start":{"line":70,"column":2},"end":{"line":82,"column":null}}},"fnMap":{"0":{"name":"ModeratorDashboard","decl":{"start":{"line":6,"column":30},"end":{"line":6,"column":51}},"loc":{"start":{"line":6,"column":51},"end":{"line":84,"column":null}},"line":6},"1":{"name":"(anonymous_1)","decl":{"start":{"line":67,"column":4},"end":{"line":67,"column":5}},"loc":{"start":{"line":67,"column":14},"end":{"line":67,"column":null}},"line":67}},"branchMap":{"0":{"loc":{"start":{"line":10,"column":2},"end":{"line":10,"column":null}},"type":"if","locations":[{"start":{"line":10,"column":2},"end":{"line":10,"column":null}},{"start":{},"end":{}}],"line":10},"1":{"loc":{"start":{"line":17,"column":2},"end":{"line":17,"column":null}},"type":"if","locations":[{"start":{"line":17,"column":2},"end":{"line":17,"column":null}},{"start":{},"end":{}}],"line":17},"2":{"loc":{"start":{"line":44,"column":21},"end":{"line":44,"column":37}},"type":"binary-expr","locations":[{"start":{"line":44,"column":21},"end":{"line":44,"column":33}},{"start":{"line":44,"column":33},"end":{"line":44,"column":37}}],"line":44},"3":{"loc":{"start":{"line":45,"column":4},"end":{"line":45,"column":null}},"type":"if","locations":[{"start":{"line":45,"column":4},"end":{"line":45,"column":null}},{"start":{},"end":{}}],"line":45},"4":{"loc":{"start":{"line":47,"column":4},"end":{"line":56,"column":null}},"type":"if","locations":[{"start":{"line":47,"column":4},"end":{"line":56,"column":null}},{"start":{},"end":{}}],"line":47},"5":{"loc":{"start":{"line":75,"column":11},"end":{"line":77,"column":null}},"type":"cond-expr","locations":[{"start":{"line":76,"column":14},"end":{"line":76,"column":null}},{"start":{"line":77,"column":14},"end":{"line":77,"column":null}}],"line":75},"6":{"loc":{"start":{"line":76,"column":41},"end":{"line":76,"column":88}},"type":"cond-expr","locations":[{"start":{"line":76,"column":70},"end":{"line":76,"column":80}},{"start":{"line":76,"column":80},"end":{"line":76,"column":88}}],"line":76}},"s":{"0":8,"1":8,"2":8,"3":1,"4":7,"5":7,"6":1,"7":6,"8":6,"9":6,"10":6,"11":1,"12":5,"13":5,"14":4,"15":5,"16":5,"17":6,"18":1,"19":6},"f":{"0":8,"1":1},"b":{"0":[1,7],"1":[1,6],"2":[6,1],"3":[1,5],"4":[4,1],"5":[3,3],"6":[2,1]},"meta":{"lastBranch":7,"lastFunction":2,"lastStatement":20,"seen":{"f:6:30:6:51":0,"s:7:19:7:Infinity":0,"s:9:29:9:Infinity":1,"b:10:2:10:Infinity:undefined:undefined:undefined:undefined":0,"s:10:2:10:Infinity":2,"s:10:13:10:Infinity":3,"s:13:26:14:Infinity":4,"b:17:2:17:Infinity:undefined:undefined:undefined:undefined":1,"s:17:2:17:Infinity":5,"s:17:14:17:Infinity":6,"s:20:29:25:Infinity":7,"s:43:19:43:Infinity":8,"s:44:2:63:Infinity":9,"b:44:21:44:33:44:33:44:37":2,"b:45:4:45:Infinity:undefined:undefined:undefined:undefined":3,"s:45:4:45:Infinity":10,"s:45:22:45:Infinity":11,"s:46:16:46:Infinity":12,"b:47:4:56:Infinity:undefined:undefined:undefined:undefined":4,"s:47:4:56:Infinity":13,"s:48:6:55:Infinity":14,"s:57:31:61:Infinity":15,"s:62:4:62:Infinity":16,"s:66:24:68:Infinity":17,"f:67:4:67:5":1,"s:67:14:67:Infinity":18,"s:70:2:82:Infinity":19,"b:76:14:76:Infinity:77:14:77:Infinity":5,"b:76:70:76:80:76:80:76:88":6}}}
,"/Users/felipe/playground/kindscreen/src/app/(public)/browse/BrowseClient.tsx": {"path":"/Users/felipe/playground/kindscreen/src/app/(public)/browse/BrowseClient.tsx","statementMap":{"0":{"start":{"line":11,"column":18},"end":{"line":11,"column":null}},"1":{"start":{"line":12,"column":25},"end":{"line":12,"column":null}},"2":{"start":{"line":14,"column":48},"end":{"line":18,"column":null}},"3":{"start":{"line":35,"column":8},"end":{"line":35,"column":null}},"4":{"start":{"line":36,"column":8},"end":{"line":36,"column":null}},"5":{"start":{"line":38,"column":26},"end":{"line":38,"column":null}},"6":{"start":{"line":39,"column":26},"end":{"line":39,"column":null}},"7":{"start":{"line":40,"column":28},"end":{"line":40,"column":null}},"8":{"start":{"line":41,"column":36},"end":{"line":41,"column":null}},"9":{"start":{"line":44,"column":2},"end":{"line":47,"column":null}},"10":{"start":{"line":45,"column":4},"end":{"line":45,"column":null}},"11":{"start":{"line":46,"column":4},"end":{"line":46,"column":null}},"12":{"start":{"line":49,"column":8},"end":{"line":58,"column":null}},"13":{"start":{"line":51,"column":21},"end":{"line":51,"column":null}},"14":{"start":{"line":52,"column":6},"end":{"line":52,"column":null}},"15":{"start":{"line":52,"column":24},"end":{"line":52,"column":null}},"16":{"start":{"line":53,"column":6},"end":{"line":53,"column":null}},"17":{"start":{"line":53,"column":23},"end":{"line":53,"column":null}},"18":{"start":{"line":54,"column":17},"end":{"line":54,"column":null}},"19":{"start":{"line":55,"column":6},"end":{"line":55,"column":null}},"20":{"start":{"line":60,"column":29},"end":{"line":62,"column":null}},"21":{"start":{"line":61,"column":4},"end":{"line":61,"column":null}},"22":{"start":{"line":64,"column":28},"end":{"line":66,"column":null}},"23":{"start":{"line":65,"column":4},"end":{"line":65,"column":null}},"24":{"start":{"line":68,"column":19},"end":{"line":83,"column":null}},"25":{"start":{"line":69,"column":4},"end":{"line":69,"column":null}},"26":{"start":{"line":70,"column":10},"end":{"line":70,"column":null}},"27":{"start":{"line":71,"column":16},"end":{"line":76,"column":null}},"28":{"start":{"line":77,"column":4},"end":{"line":77,"column":null}},"29":{"start":{"line":77,"column":18},"end":{"line":77,"column":null}},"30":{"start":{"line":78,"column":4},"end":{"line":78,"column":null}},"31":{"start":{"line":78,"column":17},"end":{"line":78,"column":null}},"32":{"start":{"line":79,"column":21},"end":{"line":79,"column":null}},"33":{"start":{"line":80,"column":4},"end":{"line":80,"column":null}},"34":{"start":{"line":80,"column":24},"end":{"line":80,"column":74}},"35":{"start":{"line":81,"column":4},"end":{"line":81,"column":null}},"36":{"start":{"line":81,"column":24},"end":{"line":81,"column":39}},"37":{"start":{"line":82,"column":4},"end":{"line":82,"column":null}},"38":{"start":{"line":85,"column":19},"end":{"line":85,"column":null}},"39":{"start":{"line":86,"column":21},"end":{"line":86,"column":null}},"40":{"start":{"line":87,"column":23},"end":{"line":87,"column":null}},"41":{"start":{"line":90,"column":2},"end":{"line":90,"column":null}},"42":{"start":{"line":92,"column":2},"end":{"line":176,"column":null}},"43":{"start":{"line":100,"column":27},"end":{"line":100,"column":null}},"44":{"start":{"line":105,"column":12},"end":{"line":112,"column":null}},"45":{"start":{"line":108,"column":29},"end":{"line":108,"column":null}},"46":{"start":{"line":119,"column":27},"end":{"line":119,"column":null}},"47":{"start":{"line":124,"column":12},"end":{"line":130,"column":null}},"48":{"start":{"line":127,"column":29},"end":{"line":127,"column":null}},"49":{"start":{"line":143,"column":29},"end":{"line":143,"column":null}},"50":{"start":{"line":152,"column":16},"end":{"line":156,"column":null}},"51":{"start":{"line":155,"column":33},"end":{"line":155,"column":null}},"52":{"start":{"line":175,"column":53},"end":{"line":175,"column":75}}},"fnMap":{"0":{"name":"BrowseClient","decl":{"start":{"line":28,"column":24},"end":{"line":28,"column":37}},"loc":{"start":{"line":34,"column":22},"end":{"line":178,"column":null}},"line":34},"1":{"name":"(anonymous_1)","decl":{"start":{"line":44,"column":12},"end":{"line":44,"column":18}},"loc":{"start":{"line":44,"column":18},"end":{"line":47,"column":5}},"line":44},"2":{"name":"(anonymous_2)","decl":{"start":{"line":50,"column":4},"end":{"line":50,"column":5}},"loc":{"start":{"line":50,"column":53},"end":{"line":56,"column":null}},"line":50},"3":{"name":"(anonymous_3)","decl":{"start":{"line":60,"column":29},"end":{"line":60,"column":30}},"loc":{"start":{"line":60,"column":72},"end":{"line":62,"column":null}},"line":60},"4":{"name":"(anonymous_4)","decl":{"start":{"line":64,"column":28},"end":{"line":64,"column":29}},"loc":{"start":{"line":64,"column":65},"end":{"line":66,"column":null}},"line":64},"5":{"name":"(anonymous_5)","decl":{"start":{"line":68,"column":19},"end":{"line":68,"column":31}},"loc":{"start":{"line":68,"column":31},"end":{"line":83,"column":null}},"line":68},"6":{"name":"(anonymous_6)","decl":{"start":{"line":80,"column":14},"end":{"line":80,"column":15}},"loc":{"start":{"line":80,"column":24},"end":{"line":80,"column":74}},"line":80},"7":{"name":"(anonymous_7)","decl":{"start":{"line":81,"column":14},"end":{"line":81,"column":15}},"loc":{"start":{"line":81,"column":24},"end":{"line":81,"column":39}},"line":81},"8":{"name":"(anonymous_8)","decl":{"start":{"line":100,"column":21},"end":{"line":100,"column":27}},"loc":{"start":{"line":100,"column":27},"end":{"line":100,"column":null}},"line":100},"9":{"name":"(anonymous_9)","decl":{"start":{"line":104,"column":25},"end":{"line":104,"column":26}},"loc":{"start":{"line":105,"column":12},"end":{"line":112,"column":null}},"line":105},"10":{"name":"(anonymous_10)","decl":{"start":{"line":108,"column":23},"end":{"line":108,"column":29}},"loc":{"start":{"line":108,"column":29},"end":{"line":108,"column":null}},"line":108},"11":{"name":"(anonymous_11)","decl":{"start":{"line":119,"column":21},"end":{"line":119,"column":27}},"loc":{"start":{"line":119,"column":27},"end":{"line":119,"column":null}},"line":119},"12":{"name":"(anonymous_12)","decl":{"start":{"line":123,"column":32},"end":{"line":123,"column":33}},"loc":{"start":{"line":124,"column":12},"end":{"line":130,"column":null}},"line":124},"13":{"name":"(anonymous_13)","decl":{"start":{"line":127,"column":23},"end":{"line":127,"column":29}},"loc":{"start":{"line":127,"column":29},"end":{"line":127,"column":null}},"line":127},"14":{"name":"(anonymous_14)","decl":{"start":{"line":143,"column":23},"end":{"line":143,"column":29}},"loc":{"start":{"line":143,"column":29},"end":{"line":143,"column":null}},"line":143},"15":{"name":"(anonymous_15)","decl":{"start":{"line":151,"column":26},"end":{"line":151,"column":27}},"loc":{"start":{"line":152,"column":16},"end":{"line":156,"column":null}},"line":152},"16":{"name":"(anonymous_16)","decl":{"start":{"line":155,"column":27},"end":{"line":155,"column":33}},"loc":{"start":{"line":155,"column":33},"end":{"line":155,"column":null}},"line":155},"17":{"name":"(anonymous_17)","decl":{"start":{"line":175,"column":47},"end":{"line":175,"column":53}},"loc":{"start":{"line":175,"column":53},"end":{"line":175,"column":75}},"line":175}},"branchMap":{"0":{"loc":{"start":{"line":52,"column":6},"end":{"line":52,"column":null}},"type":"if","locations":[{"start":{"line":52,"column":6},"end":{"line":52,"column":null}},{"start":{},"end":{}}],"line":52},"1":{"loc":{"start":{"line":53,"column":6},"end":{"line":53,"column":null}},"type":"if","locations":[{"start":{"line":53,"column":6},"end":{"line":53,"column":null}},{"start":{},"end":{}}],"line":53},"2":{"loc":{"start":{"line":55,"column":23},"end":{"line":55,"column":41}},"type":"cond-expr","locations":[{"start":{"line":55,"column":28},"end":{"line":55,"column":39}},{"start":{"line":55,"column":39},"end":{"line":55,"column":41}}],"line":55},"3":{"loc":{"start":{"line":77,"column":4},"end":{"line":77,"column":null}},"type":"if","locations":[{"start":{"line":77,"column":4},"end":{"line":77,"column":null}},{"start":{},"end":{}}],"line":77},"4":{"loc":{"start":{"line":78,"column":4},"end":{"line":78,"column":null}},"type":"if","locations":[{"start":{"line":78,"column":4},"end":{"line":78,"column":null}},{"start":{},"end":{}}],"line":78},"5":{"loc":{"start":{"line":80,"column":39},"end":{"line":80,"column":73}},"type":"binary-expr","locations":[{"start":{"line":80,"column":39},"end":{"line":80,"column":47}},{"start":{"line":80,"column":47},"end":{"line":80,"column":73}}],"line":80},"6":{"loc":{"start":{"line":99,"column":38},"end":{"line":99,"column":74}},"type":"cond-expr","locations":[{"start":{"line":99,"column":49},"end":{"line":99,"column":62}},{"start":{"line":99,"column":62},"end":{"line":99,"column":74}}],"line":99},"7":{"loc":{"start":{"line":107,"column":40},"end":{"line":107,"column":84}},"type":"cond-expr","locations":[{"start":{"line":107,"column":59},"end":{"line":107,"column":72}},{"start":{"line":107,"column":72},"end":{"line":107,"column":84}}],"line":107},"8":{"loc":{"start":{"line":118,"column":38},"end":{"line":118,"column":75}},"type":"cond-expr","locations":[{"start":{"line":118,"column":50},"end":{"line":118,"column":63}},{"start":{"line":118,"column":63},"end":{"line":118,"column":75}}],"line":118},"9":{"loc":{"start":{"line":126,"column":40},"end":{"line":126,"column":84}},"type":"cond-expr","locations":[{"start":{"line":126,"column":59},"end":{"line":126,"column":72}},{"start":{"line":126,"column":72},"end":{"line":126,"column":84}}],"line":126},"10":{"loc":{"start":{"line":137,"column":9},"end":{"line":171,"column":null}},"type":"cond-expr","locations":[{"start":{"line":138,"column":10},"end":{"line":147,"column":null}},{"start":{"line":149,"column":10},"end":{"line":171,"column":null}}],"line":137},"11":{"loc":{"start":{"line":160,"column":13},"end":{"line":169,"column":null}},"type":"binary-expr","locations":[{"start":{"line":160,"column":13},"end":{"line":160,"column":null}},{"start":{"line":161,"column":14},"end":{"line":169,"column":null}}],"line":160},"12":{"loc":{"start":{"line":167,"column":19},"end":{"line":167,"column":null}},"type":"cond-expr","locations":[{"start":{"line":167,"column":29},"end":{"line":167,"column":42}},{"start":{"line":167,"column":42},"end":{"line":167,"column":null}}],"line":167}},"s":{"0":1,"1":1,"2":1,"3":35,"4":35,"5":35,"6":35,"7":35,"8":35,"9":35,"10":17,"11":17,"12":35,"13":4,"14":4,"15":1,"16":4,"17":1,"18":4,"19":4,"20":35,"21":2,"22":35,"23":2,"24":35,"25":4,"26":4,"27":4,"28":4,"29":1,"30":4,"31":1,"32":4,"33":4,"34":4,"35":4,"36":4,"37":4,"38":35,"39":35,"40":35,"41":35,"42":35,"43":1,"44":105,"45":1,"46":1,"47":315,"48":1,"49":1,"50":100,"51":2,"52":1},"f":{"0":35,"1":17,"2":4,"3":2,"4":2,"5":4,"6":4,"7":4,"8":1,"9":105,"10":1,"11":1,"12":315,"13":1,"14":1,"15":100,"16":2,"17":1},"b":{"0":[1,3],"1":[1,3],"2":[2,2],"3":[1,3],"4":[1,3],"5":[4,1],"6":[30,5],"7":[5,100],"8":[30,5],"9":[5,310],"10":[2,33],"11":[33,16],"12":[8,8]},"meta":{"lastBranch":13,"lastFunction":18,"lastStatement":53,"seen":{"s:11:18:11:Infinity":0,"s:12:25:12:Infinity":1,"s:14:48:18:Infinity":2,"f:28:24:28:37":0,"s:35:8:35:Infinity":3,"s:36:8:36:Infinity":4,"s:38:26:38:Infinity":5,"s:39:26:39:Infinity":6,"s:40:28:40:Infinity":7,"s:41:36:41:Infinity":8,"s:44:2:47:Infinity":9,"f:44:12:44:18":1,"s:45:4:45:Infinity":10,"s:46:4:46:Infinity":11,"s:49:8:58:Infinity":12,"f:50:4:50:5":2,"s:51:21:51:Infinity":13,"b:52:6:52:Infinity:undefined:undefined:undefined:undefined":0,"s:52:6:52:Infinity":14,"s:52:24:52:Infinity":15,"b:53:6:53:Infinity:undefined:undefined:undefined:undefined":1,"s:53:6:53:Infinity":16,"s:53:23:53:Infinity":17,"s:54:17:54:Infinity":18,"s:55:6:55:Infinity":19,"b:55:28:55:39:55:39:55:41":2,"s:60:29:62:Infinity":20,"f:60:29:60:30":3,"s:61:4:61:Infinity":21,"s:64:28:66:Infinity":22,"f:64:28:64:29":4,"s:65:4:65:Infinity":23,"s:68:19:83:Infinity":24,"f:68:19:68:31":5,"s:69:4:69:Infinity":25,"s:70:10:70:Infinity":26,"s:71:16:76:Infinity":27,"b:77:4:77:Infinity:undefined:undefined:undefined:undefined":3,"s:77:4:77:Infinity":28,"s:77:18:77:Infinity":29,"b:78:4:78:Infinity:undefined:undefined:undefined:undefined":4,"s:78:4:78:Infinity":30,"s:78:17:78:Infinity":31,"s:79:21:79:Infinity":32,"s:80:4:80:Infinity":33,"f:80:14:80:15":6,"s:80:24:80:74":34,"b:80:39:80:47:80:47:80:73":5,"s:81:4:81:Infinity":35,"f:81:14:81:15":7,"s:81:24:81:39":36,"s:82:4:82:Infinity":37,"s:85:19:85:Infinity":38,"s:86:21:86:Infinity":39,"s:87:23:87:Infinity":40,"s:90:2:90:Infinity":41,"s:92:2:176:Infinity":42,"b:99:49:99:62:99:62:99:74":6,"f:100:21:100:27":8,"s:100:27:100:Infinity":43,"f:104:25:104:26":9,"s:105:12:112:Infinity":44,"b:107:59:107:72:107:72:107:84":7,"f:108:23:108:29":10,"s:108:29:108:Infinity":45,"b:118:50:118:63:118:63:118:75":8,"f:119:21:119:27":11,"s:119:27:119:Infinity":46,"f:123:32:123:33":12,"s:124:12:130:Infinity":47,"b:126:59:126:72:126:72:126:84":9,"f:127:23:127:29":13,"s:127:29:127:Infinity":48,"b:138:10:147:Infinity:149:10:171:Infinity":10,"f:143:23:143:29":14,"s:143:29:143:Infinity":49,"f:151:26:151:27":15,"s:152:16:156:Infinity":50,"f:155:27:155:33":16,"s:155:33:155:Infinity":51,"b:160:13:160:Infinity:161:14:169:Infinity":11,"b:167:29:167:42:167:42:167:Infinity":12,"f:175:47:175:53":17,"s:175:53:175:75":52}}}
,"/Users/felipe/playground/kindscreen/src/app/(public)/browse/VideoCard.tsx": {"path":"/Users/felipe/playground/kindscreen/src/app/(public)/browse/VideoCard.tsx","statementMap":{"0":{"start":{"line":10,"column":65},"end":{"line":10,"column":null}},"1":{"start":{"line":12,"column":2},"end":{"line":53,"column":null}}},"fnMap":{"0":{"name":"VideoCard","decl":{"start":{"line":9,"column":24},"end":{"line":9,"column":34}},"loc":{"start":{"line":9,"column":70},"end":{"line":55,"column":null}},"line":9}},"branchMap":{"0":{"loc":{"start":{"line":15,"column":9},"end":{"line":26,"column":null}},"type":"cond-expr","locations":[{"start":{"line":16,"column":10},"end":{"line":22,"column":null}},{"start":{"line":24,"column":10},"end":{"line":26,"column":null}}],"line":15},"1":{"loc":{"start":{"line":40,"column":11},"end":{"line":43,"column":null}},"type":"binary-expr","locations":[{"start":{"line":40,"column":11},"end":{"line":40,"column":null}},{"start":{"line":41,"column":12},"end":{"line":43,"column":null}}],"line":40},"2":{"loc":{"start":{"line":49,"column":9},"end":{"line":50,"column":null}},"type":"binary-expr","locations":[{"start":{"line":49,"column":9},"end":{"line":49,"column":null}},{"start":{"line":50,"column":10},"end":{"line":50,"column":null}}],"line":49}},"s":{"0":91,"1":91},"f":{"0":91},"b":{"0":[8,83],"1":[91,90],"2":[91,8]},"meta":{"lastBranch":3,"lastFunction":1,"lastStatement":2,"seen":{"f:9:24:9:34":0,"s:10:65:10:Infinity":0,"s:12:2:53:Infinity":1,"b:16:10:22:Infinity:24:10:26:Infinity":0,"b:40:11:40:Infinity:41:12:43:Infinity":1,"b:49:9:49:Infinity:50:10:50:Infinity":2}}}
,"/Users/felipe/playground/kindscreen/src/app/(public)/browse/VideoModal.tsx": {"path":"/Users/felipe/playground/kindscreen/src/app/(public)/browse/VideoModal.tsx","statementMap":{"0":{"start":{"line":19,"column":8},"end":{"line":19,"column":null}},"1":{"start":{"line":20,"column":34},"end":{"line":20,"column":null}},"2":{"start":{"line":21,"column":38},"end":{"line":21,"column":null}},"3":{"start":{"line":22,"column":32},"end":{"line":22,"column":null}},"4":{"start":{"line":23,"column":34},"end":{"line":23,"column":null}},"5":{"start":{"line":24,"column":32},"end":{"line":24,"column":null}},"6":{"start":{"line":27,"column":2},"end":{"line":36,"column":null}},"7":{"start":{"line":28,"column":4},"end":{"line":28,"column":null}},"8":{"start":{"line":28,"column":16},"end":{"line":28,"column":null}},"9":{"start":{"line":29,"column":4},"end":{"line":29,"column":null}},"10":{"start":{"line":30,"column":26},"end":{"line":30,"column":null}},"11":{"start":{"line":30,"column":50},"end":{"line":30,"column":84}},"12":{"start":{"line":30,"column":74},"end":{"line":30,"column":84}},"13":{"start":{"line":31,"column":4},"end":{"line":31,"column":null}},"14":{"start":{"line":32,"column":4},"end":{"line":35,"column":null}},"15":{"start":{"line":33,"column":6},"end":{"line":33,"column":null}},"16":{"start":{"line":34,"column":6},"end":{"line":34,"column":null}},"17":{"start":{"line":39,"column":2},"end":{"line":45,"column":null}},"18":{"start":{"line":40,"column":4},"end":{"line":40,"column":null}},"19":{"start":{"line":41,"column":4},"end":{"line":41,"column":null}},"20":{"start":{"line":42,"column":4},"end":{"line":42,"column":null}},"21":{"start":{"line":43,"column":4},"end":{"line":43,"column":null}},"22":{"start":{"line":44,"column":4},"end":{"line":44,"column":null}},"23":{"start":{"line":48,"column":2},"end":{"line":74,"column":null}},"24":{"start":{"line":49,"column":4},"end":{"line":49,"column":null}},"25":{"start":{"line":49,"column":16},"end":{"line":49,"column":null}},"26":{"start":{"line":50,"column":20},"end":{"line":50,"column":null}},"27":{"start":{"line":52,"column":4},"end":{"line":67,"column":null}},"28":{"start":{"line":53,"column":6},"end":{"line":53,"column":null}},"29":{"start":{"line":53,"column":21},"end":{"line":53,"column":null}},"30":{"start":{"line":54,"column":6},"end":{"line":54,"column":null}},"31":{"start":{"line":55,"column":6},"end":{"line":66,"column":null}},"32":{"start":{"line":60,"column":12},"end":{"line":63,"column":null}},"33":{"start":{"line":61,"column":14},"end":{"line":61,"column":null}},"34":{"start":{"line":62,"column":14},"end":{"line":62,"column":null}},"35":{"start":{"line":69,"column":4},"end":{"line":73,"column":null}},"36":{"start":{"line":70,"column":6},"end":{"line":70,"column":null}},"37":{"start":{"line":71,"column":6},"end":{"line":71,"column":null}},"38":{"start":{"line":72,"column":6},"end":{"line":72,"column":null}},"39":{"start":{"line":77,"column":10},"end":{"line":77,"column":null}},"40":{"start":{"line":78,"column":21},"end":{"line":83,"column":null}},"41":{"start":{"line":84,"column":10},"end":{"line":86,"column":null}},"42":{"start":{"line":85,"column":18},"end":{"line":85,"column":37}},"43":{"start":{"line":87,"column":4},"end":{"line":87,"column":null}},"44":{"start":{"line":94,"column":4},"end":{"line":94,"column":null}},"45":{"start":{"line":95,"column":4},"end":{"line":95,"column":null}},"46":{"start":{"line":96,"column":4},"end":{"line":112,"column":null}},"47":{"start":{"line":97,"column":18},"end":{"line":101,"column":null}},"48":{"start":{"line":102,"column":6},"end":{"line":107,"column":null}},"49":{"start":{"line":103,"column":22},"end":{"line":103,"column":null}},"50":{"start":{"line":104,"column":8},"end":{"line":104,"column":null}},"51":{"start":{"line":105,"column":8},"end":{"line":105,"column":null}},"52":{"start":{"line":106,"column":8},"end":{"line":106,"column":null}},"53":{"start":{"line":108,"column":6},"end":{"line":108,"column":null}},"54":{"start":{"line":110,"column":6},"end":{"line":110,"column":null}},"55":{"start":{"line":111,"column":6},"end":{"line":111,"column":null}},"56":{"start":{"line":115,"column":2},"end":{"line":115,"column":null}},"57":{"start":{"line":115,"column":14},"end":{"line":115,"column":null}},"58":{"start":{"line":117,"column":2},"end":{"line":249,"column":null}},"59":{"start":{"line":124,"column":24},"end":{"line":124,"column":null}},"60":{"start":{"line":148,"column":20},"end":{"line":171,"column":null}},"61":{"start":{"line":152,"column":24},"end":{"line":152,"column":null}},"62":{"start":{"line":153,"column":24},"end":{"line":153,"column":null}},"63":{"start":{"line":199,"column":29},"end":{"line":199,"column":null}},"64":{"start":{"line":212,"column":33},"end":{"line":212,"column":null}},"65":{"start":{"line":221,"column":35},"end":{"line":221,"column":57}},"66":{"start":{"line":221,"column":57},"end":{"line":221,"column":76}},"67":{"start":{"line":221,"column":76},"end":{"line":221,"column":93}}},"fnMap":{"0":{"name":"VideoModal","decl":{"start":{"line":18,"column":24},"end":{"line":18,"column":35}},"loc":{"start":{"line":18,"column":87},"end":{"line":251,"column":null}},"line":18},"1":{"name":"(anonymous_1)","decl":{"start":{"line":27,"column":12},"end":{"line":27,"column":18}},"loc":{"start":{"line":27,"column":18},"end":{"line":36,"column":5}},"line":27},"2":{"name":"(anonymous_2)","decl":{"start":{"line":30,"column":26},"end":{"line":30,"column":27}},"loc":{"start":{"line":30,"column":48},"end":{"line":30,"column":null}},"line":30},"3":{"name":"(anonymous_3)","decl":{"start":{"line":32,"column":11},"end":{"line":32,"column":17}},"loc":{"start":{"line":32,"column":17},"end":{"line":35,"column":null}},"line":32},"4":{"name":"(anonymous_4)","decl":{"start":{"line":39,"column":12},"end":{"line":39,"column":18}},"loc":{"start":{"line":39,"column":18},"end":{"line":45,"column":5}},"line":39},"5":{"name":"(anonymous_5)","decl":{"start":{"line":48,"column":12},"end":{"line":48,"column":18}},"loc":{"start":{"line":48,"column":18},"end":{"line":74,"column":5}},"line":48},"6":{"name":"(anonymous_6)","decl":{"start":{"line":52,"column":14},"end":{"line":52,"column":20}},"loc":{"start":{"line":52,"column":20},"end":{"line":67,"column":5}},"line":52},"7":{"name":"(anonymous_7)","decl":{"start":{"line":59,"column":25},"end":{"line":59,"column":26}},"loc":{"start":{"line":59,"column":32},"end":{"line":64,"column":null}},"line":59},"8":{"name":"(anonymous_8)","decl":{"start":{"line":69,"column":11},"end":{"line":69,"column":17}},"loc":{"start":{"line":69,"column":17},"end":{"line":73,"column":null}},"line":69},"9":{"name":"fetchUpNext","decl":{"start":{"line":76,"column":17},"end":{"line":76,"column":29}},"loc":{"start":{"line":76,"column":48},"end":{"line":88,"column":null}},"line":76},"10":{"name":"(anonymous_10)","decl":{"start":{"line":85,"column":12},"end":{"line":85,"column":18}},"loc":{"start":{"line":85,"column":18},"end":{"line":85,"column":37}},"line":85},"11":{"name":"submitFlag","decl":{"start":{"line":90,"column":17},"end":{"line":90,"column":30}},"loc":{"start":{"line":90,"column":30},"end":{"line":113,"column":null}},"line":90},"12":{"name":"(anonymous_12)","decl":{"start":{"line":124,"column":17},"end":{"line":124,"column":18}},"loc":{"start":{"line":124,"column":24},"end":{"line":124,"column":null}},"line":124},"13":{"name":"(anonymous_13)","decl":{"start":{"line":147,"column":36},"end":{"line":147,"column":37}},"loc":{"start":{"line":148,"column":20},"end":{"line":171,"column":null}},"line":148},"14":{"name":"(anonymous_14)","decl":{"start":{"line":151,"column":31},"end":{"line":151,"column":37}},"loc":{"start":{"line":151,"column":37},"end":{"line":154,"column":null}},"line":151},"15":{"name":"(anonymous_15)","decl":{"start":{"line":199,"column":23},"end":{"line":199,"column":29}},"loc":{"start":{"line":199,"column":29},"end":{"line":199,"column":null}},"line":199},"16":{"name":"(anonymous_16)","decl":{"start":{"line":212,"column":26},"end":{"line":212,"column":27}},"loc":{"start":{"line":212,"column":33},"end":{"line":212,"column":null}},"line":212},"17":{"name":"(anonymous_17)","decl":{"start":{"line":221,"column":27},"end":{"line":221,"column":33}},"loc":{"start":{"line":221,"column":33},"end":{"line":221,"column":null}},"line":221}},"branchMap":{"0":{"loc":{"start":{"line":28,"column":4},"end":{"line":28,"column":null}},"type":"if","locations":[{"start":{"line":28,"column":4},"end":{"line":28,"column":null}},{"start":{},"end":{}}],"line":28},"1":{"loc":{"start":{"line":30,"column":50},"end":{"line":30,"column":84}},"type":"if","locations":[{"start":{"line":30,"column":50},"end":{"line":30,"column":84}},{"start":{},"end":{}}],"line":30},"2":{"loc":{"start":{"line":49,"column":4},"end":{"line":49,"column":null}},"type":"if","locations":[{"start":{"line":49,"column":4},"end":{"line":49,"column":null}},{"start":{},"end":{}}],"line":49},"3":{"loc":{"start":{"line":53,"column":6},"end":{"line":53,"column":null}},"type":"if","locations":[{"start":{"line":53,"column":6},"end":{"line":53,"column":null}},{"start":{},"end":{}}],"line":53},"4":{"loc":{"start":{"line":60,"column":12},"end":{"line":63,"column":null}},"type":"if","locations":[{"start":{"line":60,"column":12},"end":{"line":63,"column":null}},{"start":{},"end":{}}],"line":60},"5":{"loc":{"start":{"line":84,"column":23},"end":{"line":84,"column":null}},"type":"binary-expr","locations":[{"start":{"line":84,"column":23},"end":{"line":84,"column":31}},{"start":{"line":84,"column":31},"end":{"line":84,"column":null}}],"line":84},"6":{"loc":{"start":{"line":102,"column":6},"end":{"line":107,"column":null}},"type":"if","locations":[{"start":{"line":102,"column":6},"end":{"line":107,"column":null}},{"start":{},"end":{}}],"line":102},"7":{"loc":{"start":{"line":104,"column":21},"end":{"line":104,"column":58}},"type":"binary-expr","locations":[{"start":{"line":104,"column":21},"end":{"line":104,"column":35}},{"start":{"line":104,"column":35},"end":{"line":104,"column":58}}],"line":104},"8":{"loc":{"start":{"line":115,"column":2},"end":{"line":115,"column":null}},"type":"if","locations":[{"start":{"line":115,"column":2},"end":{"line":115,"column":null}},{"start":{},"end":{}}],"line":115},"9":{"loc":{"start":{"line":139,"column":11},"end":{"line":185,"column":null}},"type":"binary-expr","locations":[{"start":{"line":139,"column":11},"end":{"line":139,"column":null}},{"start":{"line":140,"column":12},"end":{"line":185,"column":null}}],"line":139},"10":{"loc":{"start":{"line":145,"column":15},"end":{"line":175,"column":null}},"type":"cond-expr","locations":[{"start":{"line":146,"column":16},"end":{"line":173,"column":null}},{"start":{"line":175,"column":16},"end":{"line":175,"column":null}}],"line":145},"11":{"loc":{"start":{"line":158,"column":25},"end":{"line":165,"column":null}},"type":"binary-expr","locations":[{"start":{"line":158,"column":25},"end":{"line":158,"column":null}},{"start":{"line":159,"column":26},"end":{"line":165,"column":null}}],"line":158},"12":{"loc":{"start":{"line":190,"column":9},"end":{"line":191,"column":null}},"type":"binary-expr","locations":[{"start":{"line":190,"column":9},"end":{"line":190,"column":null}},{"start":{"line":191,"column":10},"end":{"line":191,"column":null}}],"line":190},"13":{"loc":{"start":{"line":196,"column":11},"end":{"line":203,"column":null}},"type":"binary-expr","locations":[{"start":{"line":196,"column":11},"end":{"line":196,"column":null}},{"start":{"line":197,"column":12},"end":{"line":203,"column":null}}],"line":196},"14":{"loc":{"start":{"line":203,"column":12},"end":{"line":235,"column":null}},"type":"binary-expr","locations":[{"start":{"line":206,"column":12},"end":{"line":206,"column":36}},{"start":{"line":206,"column":36},"end":{"line":206,"column":null}},{"start":{"line":207,"column":12},"end":{"line":235,"column":null}}],"line":203},"15":{"loc":{"start":{"line":217,"column":15},"end":{"line":217,"column":null}},"type":"binary-expr","locations":[{"start":{"line":217,"column":15},"end":{"line":217,"column":28}},{"start":{"line":217,"column":28},"end":{"line":217,"column":null}}],"line":217},"16":{"loc":{"start":{"line":238,"column":11},"end":{"line":239,"column":null}},"type":"binary-expr","locations":[{"start":{"line":238,"column":11},"end":{"line":238,"column":null}},{"start":{"line":239,"column":12},"end":{"line":239,"column":null}}],"line":238},"17":{"loc":{"start":{"line":242,"column":11},"end":{"line":245,"column":null}},"type":"binary-expr","locations":[{"start":{"line":242,"column":11},"end":{"line":242,"column":null}},{"start":{"line":243,"column":12},"end":{"line":245,"column":null}}],"line":242}},"s":{"0":211,"1":211,"2":211,"3":211,"4":211,"5":211,"6":211,"7":54,"8":28,"9":26
[...]
a/route.ts","statementMap":{"0":{"start":{"line":3,"column":25},"end":{"line":3,"column":null}},"1":{"start":{"line":21,"column":13},"end":{"line":21,"column":null}},"2":{"start":{"line":23,"column":2},"end":{"line":25,"column":null}},"3":{"start":{"line":24,"column":4},"end":{"line":24,"column":null}},"4":{"start":{"line":27,"column":17},"end":{"line":27,"column":null}},"5":{"start":{"line":28,"column":2},"end":{"line":30,"column":null}},"6":{"start":{"line":29,"column":4},"end":{"line":29,"column":null}},"7":{"start":{"line":32,"column":14},"end":{"line":32,"column":null}},"8":{"start":{"line":33,"column":14},"end":{"line":33,"column":null}},"9":{"start":{"line":35,"column":2},"end":{"line":37,"column":null}},"10":{"start":{"line":36,"column":4},"end":{"line":36,"column":null}},"11":{"start":{"line":39,"column":16},"end":{"line":39,"column":null}},"12":{"start":{"line":41,"column":2},"end":{"line":43,"column":null}},"13":{"start":{"line":42,"column":4},"end":{"line":42,"column":null}},"14":{"start":{"line":45,"column":22},"end":{"line":45,"column":null}},"15":{"start":{"line":46,"column":12},"end":{"line":46,"column":null}},"16":{"start":{"line":48,"column":4},"end":{"line":48,"column":null}},"17":{"start":{"line":50,"column":2},"end":{"line":54,"column":null}}},"fnMap":{"0":{"name":"GET","decl":{"start":{"line":20,"column":22},"end":{"line":20,"column":26}},"loc":{"start":{"line":20,"column":48},"end":{"line":55,"column":null}},"line":20}},"branchMap":{"0":{"loc":{"start":{"line":23,"column":2},"end":{"line":25,"column":null}},"type":"if","locations":[{"start":{"line":23,"column":2},"end":{"line":25,"column":null}},{"start":{},"end":{}}],"line":23},"1":{"loc":{"start":{"line":23,"column":6},"end":{"line":23,"column":41}},"type":"binary-expr","locations":[{"start":{"line":23,"column":6},"end":{"line":23,"column":13}},{"start":{"line":23,"column":13},"end":{"line":23,"column":41}}],"line":23},"2":{"loc":{"start":{"line":28,"column":2},"end":{"line":30,"column":null}},"type":"if","locations":[{"start":{"line":28,"column":2},"end":{"line":30,"column":null}},{"start":{},"end":{}}],"line":28},"3":{"loc":{"start":{"line":35,"column":2},"end":{"line":37,"column":null}},"type":"if","locations":[{"start":{"line":35,"column":2},"end":{"line":37,"column":null}},{"start":{},"end":{}}],"line":35},"4":{"loc":{"start":{"line":41,"column":2},"end":{"line":43,"column":null}},"type":"if","locations":[{"start":{"line":41,"column":2},"end":{"line":43,"column":null}},{"start":{},"end":{}}],"line":41},"5":{"loc":{"start":{"line":41,"column":6},"end":{"line":41,"column":46}},"type":"binary-expr","locations":[{"start":{"line":41,"column":6},"end":{"line":41,"column":21}},{"start":{"line":41,"column":21},"end":{"line":41,"column":46}}],"line":41},"6":{"loc":{"start":{"line":48,"column":4},"end":{"line":48,"column":null}},"type":"binary-expr","locations":[{"start":{"line":48,"column":4},"end":{"line":48,"column":21}},{"start":{"line":48,"column":21},"end":{"line":48,"column":40}},{"start":{"line":48,"column":40},"end":{"line":48,"column":55}},{"start":{"line":48,"column":55},"end":{"line":48,"column":72}},{"start":{"line":48,"column":72},"end":{"line":48,"column":null}}],"line":48}},"s":{"0":1,"1":11,"2":11,"3":2,"4":9,"5":9,"6":1,"7":8,"8":8,"9":7,"10":1,"11":6,"12":6,"13":1,"14":5,"15":5,"16":5,"17":11},"f":{"0":11},"b":{"0":[2,9],"1":[11,10],"2":[1,8],"3":[1,6],"4":[1,5],"5":[6,6],"6":[5,4,3,2,1]},"meta":{"lastBranch":7,"lastFunction":1,"lastStatement":18,"seen":{"s:3:25:3:Infinity":0,"f:20:22:20:26":0,"s:21:13:21:Infinity":1,"b:23:2:25:Infinity:undefined:undefined:undefined:undefined":0,"s:23:2:25:Infinity":2,"b:23:6:23:13:23:13:23:41":1,"s:24:4:24:Infinity":3,"s:27:17:27:Infinity":4,"b:28:2:30:Infinity:undefined:undefined:undefined:undefined":2,"s:28:2:30:Infinity":5,"s:29:4:29:Infinity":6,"s:32:14:32:Infinity":7,"s:33:14:33:Infinity":8,"b:35:2:37:Infinity:undefined:undefined:undefined:undefined":3,"s:35:2:37:Infinity":9,"s:36:4:36:Infinity":10,"s:39:16:39:Infinity":11,"b:41:2:43:Infinity:undefined:undefined:undefined:undefined":4,"s:41:2:43:Infinity":12,"b:41:6:41:21:41:21:41:46":5,"s:42:4:42:Infinity":13,"s:45:22:45:Infinity":14,"s:46:12:46:Infinity":15,"s:48:4:48:Infinity":16,"b:48:4:48:21:48:21:48:40:48:40:48:55:48:55:48:72:48:72:48:Infinity":6,"s:50:2:54:Infinity":17}}}
,"/Users/felipe/playground/kindscreen/src/app/api/videos/submit/route.ts": {"path":"/Users/felipe/playground/kindscreen/src/app/api/videos/submit/route.ts","statementMap":{"0":{"start":{"line":8,"column":42},"end":{"line":10,"column":null}},"1":{"start":{"line":11,"column":29},"end":{"line":11,"column":null}},"2":{"start":{"line":14,"column":19},"end":{"line":14,"column":null}},"3":{"start":{"line":16,"column":47},"end":{"line":16,"column":null}},"4":{"start":{"line":17,"column":2},"end":{"line":19,"column":null}},"5":{"start":{"line":18,"column":4},"end":{"line":18,"column":null}},"6":{"start":{"line":22,"column":2},"end":{"line":26,"column":null}},"7":{"start":{"line":23,"column":4},"end":{"line":23,"column":null}},"8":{"start":{"line":25,"column":4},"end":{"line":25,"column":null}},"9":{"start":{"line":28,"column":67},"end":{"line":28,"column":null}},"10":{"start":{"line":36,"column":2},"end":{"line":38,"column":null}},"11":{"start":{"line":37,"column":4},"end":{"line":37,"column":null}},"12":{"start":{"line":40,"column":2},"end":{"line":42,"column":null}},"13":{"start":{"line":41,"column":4},"end":{"line":41,"column":null}},"14":{"start":{"line":44,"column":2},"end":{"line":46,"column":null}},"15":{"start":{"line":45,"column":4},"end":{"line":45,"column":null}},"16":{"start":{"line":49,"column":29},"end":{"line":53,"column":null}},"17":{"start":{"line":55,"column":2},"end":{"line":57,"column":null}},"18":{"start":{"line":56,"column":4},"end":{"line":56,"column":null}},"19":{"start":{"line":59,"column":46},"end":{"line":70,"column":null}},"20":{"start":{"line":72,"column":2},"end":{"line":74,"column":null}},"21":{"start":{"line":73,"column":4},"end":{"line":73,"column":null}},"22":{"start":{"line":76,"column":2},"end":{"line":76,"column":null}}},"fnMap":{"0":{"name":"POST","decl":{"start":{"line":13,"column":22},"end":{"line":13,"column":27}},"loc":{"start":{"line":13,"column":49},"end":{"line":77,"column":null}},"line":13}},"branchMap":{"0":{"loc":{"start":{"line":17,"column":2},"end":{"line":19,"column":null}},"type":"if","locations":[{"start":{"line":17,"column":2},"end":{"line":19,"column":null}},{"start":{},"end":{}}],"line":17},"1":{"loc":{"start":{"line":17,"column":6},"end":{"line":17,"column":26}},"type":"binary-expr","locations":[{"start":{"line":17,"column":6},"end":{"line":17,"column":19}},{"start":{"line":17,"column":19},"end":{"line":17,"column":26}}],"line":17},"2":{"loc":{"start":{"line":36,"column":2},"end":{"line":38,"column":null}},"type":"if","locations":[{"start":{"line":36,"column":2},"end":{"line":38,"column":null}},{"start":{},"end":{}}],"line":36},"3":{"loc":{"start":{"line":36,"column":6},"end":{"line":36,"column":42}},"type":"binary-expr","locations":[{"start":{"line":36,"column":6},"end":{"line":36,"column":21}},{"start":{"line":36,"column":21},"end":{"line":36,"column":31}},{"start":{"line":36,"column":31},"end":{"line":36,"column":42}}],"line":36},"4":{"loc":{"start":{"line":40,"column":2},"end":{"line":42,"column":null}},"type":"if","locations":[{"start":{"line":40,"column":2},"end":{"line":42,"column":null}},{"start":{},"end":{}}],"line":40},"5":{"loc":{"start":{"line":44,"column":2},"end":{"line":46,"column":null}},"type":"if","locations":[{"start":{"line":44,"column":2},"end":{"line":46,"column":null}},{"start":{},"end":{}}],"line":44},"6":{"loc":{"start":{"line":44,"column":6},"end":{"line":44,"column":60}},"type":"binary-expr","locations":[{"start":{"line":44,"column":6},"end":{"line":44,"column":18}},{"start":{"line":44,"column":18},"end":{"line":44,"column":60}}],"line":44},"7":{"loc":{"start":{"line":55,"column":2},"end":{"line":57,"column":null}},"type":"if","locations":[{"start":{"line":55,"column":2},"end":{"line":57,"column":null}},{"start":{},"end":{}}],"line":55},"8":{"loc":{"start":{"line":65,"column":17},"end":{"line":65,"column":null}},"type":"binary-expr","locations":[{"start":{"line":65,"column":17},"end":{"line":65,"column":53}},{"start":{"line":65,"column":53},"end":{"line":65,"column":null}}],"line":65},"9":{"loc":{"start":{"line":66,"column":21},"end":{"line":66,"column":null}},"type":"binary-expr","locations":[{"start":{"line":66,"column":21},"end":{"line":66,"column":38}},{"start":{"line":66,"column":38},"end":{"line":66,"column":null}}],"line":66},"10":{"loc":{"start":{"line":72,"column":2},"end":{"line":74,"column":null}},"type":"if","locations":[{"start":{"line":72,"column":2},"end":{"line":74,"column":null}},{"start":{},"end":{}}],"line":72}},"s":{"0":1,"1":1,"2":11,"3":11,"4":11,"5":2,"6":9,"7":9,"8":1,"9":8,"10":8,"11":1,"12":7,"13":1,"14":6,"15":1,"16":5,"17":5,"18":1,"19":4,"20":4,"21":1,"22":3},"f":{"0":11},"b":{"0":[2,9],"1":[11,10],"2":[1,7],"3":[8,8,7],"4":[1,6],"5":[1,5],"6":[6,5],"7":[1,4],"8":[4,1],"9":[11,1],"10":[1,3]},"meta":{"lastBranch":11,"lastFunction":1,"lastStatement":23,"seen":{"s:8:42:10:Infinity":0,"s:11:29:11:Infinity":1,"f:13:22:13:27":0,"s:14:19:14:Infinity":2,"s:16:47:16:Infinity":3,"b:17:2:19:Infinity:undefined:undefined:undefined:undefined":0,"s:17:2:19:Infinity":4,"b:17:6:17:19:17:19:17:26":1,"s:18:4:18:Infinity":5,"s:22:2:26:Infinity":6,"s:23:4:23:Infinity":7,"s:25:4:25:Infinity":8,"s:28:67:28:Infinity":9,"b:36:2:38:Infinity:undefined:undefined:undefined:undefined":2,"s:36:2:38:Infinity":10,"b:36:6:36:21:36:21:36:31:36:31:36:42":3,"s:37:4:37:Infinity":11,"b:40:2:42:Infinity:undefined:undefined:undefined:undefined":4,"s:40:2:42:Infinity":12,"s:41:4:41:Infinity":13,"b:44:2:46:Infinity:undefined:undefined:undefined:undefined":5,"s:44:2:46:Infinity":14,"b:44:6:44:18:44:18:44:60":6,"s:45:4:45:Infinity":15,"s:49:29:53:Infinity":16,"b:55:2:57:Infinity:undefined:undefined:undefined:undefined":7,"s:55:2:57:Infinity":17,"s:56:4:56:Infinity":18,"s:59:46:70:Infinity":19,"b:65:17:65:53:65:53:65:Infinity":8,"b:66:21:66:38:66:38:66:Infinity":9,"b:72:2:74:Infinity:undefined:undefined:undefined:undefined":10,"s:72:2:74:Infinity":20,"s:73:4:73:Infinity":21,"s:76:2:76:Infinity":22}}}
,"/Users/felipe/playground/kindscreen/src/lib/utils/badges.ts": {"path":"/Users/felipe/playground/kindscreen/src/lib/utils/badges.ts","statementMap":{"0":{"start":{"line":10,"column":2},"end":{"line":46,"column":null}}},"fnMap":{"0":{"name":"computeBadges","decl":{"start":{"line":9,"column":16},"end":{"line":9,"column":30}},"loc":{"start":{"line":9,"column":80},"end":{"line":47,"column":null}},"line":9}},"branchMap":{},"s":{"0":26},"f":{"0":26},"b":{},"meta":{"lastBranch":0,"lastFunction":1,"lastStatement":1,"seen":{"f:9:16:9:30":0,"s:10:2:46:Infinity":0}}}
,"/Users/felipe/playground/kindscreen/src/lib/utils/donation.ts": {"path":"/Users/felipe/playground/kindscreen/src/lib/utils/donation.ts","statementMap":{"0":{"start":{"line":1,"column":26},"end":{"line":28,"column":null}},"1":{"start":{"line":33,"column":2},"end":{"line":33,"column":null}},"2":{"start":{"line":33,"column":20},"end":{"line":33,"column":null}},"3":{"start":{"line":34,"column":2},"end":{"line":34,"column":null}}},"fnMap":{"0":{"name":"progressPercent","decl":{"start":{"line":32,"column":16},"end":{"line":32,"column":32}},"loc":{"start":{"line":32,"column":73},"end":{"line":35,"column":null}},"line":32}},"branchMap":{"0":{"loc":{"start":{"line":33,"column":2},"end":{"line":33,"column":null}},"type":"if","locations":[{"start":{"line":33,"column":2},"end":{"line":33,"column":null}},{"start":{},"end":{}}],"line":33}},"s":{"0":2,"1":25,"2":7,"3":18},"f":{"0":25},"b":{"0":[7,18]},"meta":{"lastBranch":1,"lastFunction":1,"lastStatement":4,"seen":{"s:1:26:28:Infinity":0,"f:32:16:32:32":0,"b:33:2:33:Infinity:undefined:undefined:undefined:undefined":0,"s:33:2:33:Infinity":1,"s:33:20:33:Infinity":2,"s:34:2:34:Infinity":3}}}
,"/Users/felipe/playground/kindscreen/src/lib/utils/validate.ts": {"path":"/Users/felipe/playground/kindscreen/src/lib/utils/validate.ts","statementMap":{"0":{"start":{"line":1,"column":30},"end":{"line":1,"column":null}},"1":{"start":{"line":9,"column":41},"end":{"line":9,"column":null}},"2":{"start":{"line":10,"column":2},"end":{"line":10,"column":null}},"3":{"start":{"line":10,"column":21},"end":{"line":10,"column":null}},"4":{"start":{"line":11,"column":2},"end":{"line":16,"column":null}},"5":{"start":{"line":12,"column":4},"end":{"line":12,"column":null}},"6":{"start":{"line":13,"column":2},"end":{"line":16,"column":null}},"7":{"start":{"line":14,"column":4},"end":{"line":15,"column":null}},"8":{"start":{"line":17,"column":2},"end":{"line":21,"column":null}},"9":{"start":{"line":18,"column":4},"end":{"line":18,"column":null}},"10":{"start":{"line":19,"column":2},"end":{"line":21,"column":null}},"11":{"start":{"line":20,"column":4},"end":{"line":20,"column":null}},"12":{"start":{"line":22,"column":2},"end":{"line":26,"column":null}},"13":{"start":{"line":23,"column":4},"end":{"line":23,"column":null}},"14":{"start":{"line":24,"column":2},"end":{"line":26,"column":null}},"15":{"start":{"line":25,"column":4},"end":{"line":25,"column":null}},"16":{"start":{"line":27,"column":2},"end":{"line":27,"column":null}}},"fnMap":{"0":{"name":"validate","decl":{"start":{"line":3,"column":16},"end":{"line":3,"column":25}},"loc":{"start":{"line":8,"column":27},"end":{"line":28,"column":null}},"line":8}},"branchMap":{"0":{"loc":{"start":{"line":10,"column":2},"end":{"line":10,"column":null}},"type":"if","locations":[{"start":{"line":10,"column":2},"end":{"line":10,"column":null}},{"start":{},"end":{}}],"line":10},"1":{"loc":{"start":{"line":11,"column":2},"end":{"line":16,"column":null}},"type":"if","locations":[{"start":{"line":11,"column":2},"end":{"line":16,"column":null}},{"start":{"line":13,"column":2},"end":{"line":16,"column":null}}],"line":11},"2":{"loc":{"start":{"line":13,"column":2},"end":{"line":16,"column":null}},"type":"if","locations":[{"start":{"line":13,"column":2},"end":{"line":16,"column":null}},{"start":{},"end":{}}],"line":13},"3":{"loc":{"start":{"line":17,"column":2},"end":{"line":21,"column":null}},"type":"if","locations":[{"start":{"line":17,"column":2},"end":{"line":21,"column":null}},{"start":{"line":19,"column":2},"end":{"line":21,"column":null}}],"line":17},"4":{"loc":{"start":{"line":19,"column":2},"end":{"line":21,"column":null}},"type":"if","locations":[{"start":{"line":19,"column":2},"end":{"line":21,"column":null}},{"start":{},"end":{}}],"line":19},"5":{"loc":{"start":{"line":22,"column":2},"end":{"line":26,"column":null}},"type":"if","locations":[{"start":{"line":22,"column":2},"end":{"line":26,"column":null}},{"start":{"line":24,"column":2},"end":{"line":26,"column":null}}],"line":22},"6":{"loc":{"start":{"line":24,"column":2},"end":{"line":26,"column":null}},"type":"if","locations":[{"start":{"line":24,"column":2},"end":{"line":26,"column":null}},{"start":{},"end":{}}],"line":24}},"s":{"0":2,"1":17,"2":17,"3":3,"4":17,"5":3,"6":14,"7":2,"8":17,"9":3,"10":14,"11":1,"12":17,"13":4,"14":13,"15":2,"16":17},"f":{"0":17},"b":{"0":[3,14],"1":[3,14],"2":[2,12],"3":[3,14],"4":[1,13],"5":[4,13],"6":[2,11]},"meta":{"lastBranch":7,"lastFunction":1,"lastStatement":17,"seen":{"s:1:30:1:Infinity":0,"f:3:16:3:25":0,"s:9:41:9:Infinity":1,"b:10:2:10:Infinity:undefined:undefined:undefined:undefined":0,"s:10:2:10:Infinity":2,"s:10:21:10:Infinity":3,"b:11:2:16:Infinity:13:2:16:Infinity":1,"s:11:2:16:Infinity":4,"s:12:4:12:Infinity":5,"b:13:2:16:Infinity:undefined:undefined:undefined:undefined":2,"s:13:2:16:Infinity":6,"s:14:4:15:Infinity":7,"b:17:2:21:Infinity:19:2:21:Infinity":3,"s:17:2:21:Infinity":8,"s:18:4:18:Infinity":9,"b:19:2:21:Infinity:undefined:undefined:undefined:undefined":4,"s:19:2:21:Infinity":10,"s:20:4:20:Infinity":11,"b:22:2:26:Infinity:24:2:26:Infinity":5,"s:22:2:26:Infinity":12,"s:23:4:23:Infinity":13,"b:24:2:26:Infinity:undefined:undefined:undefined:undefined":6,"s:24:2:26:Infinity":14,"s:25:4:25:Infinity":15,"s:27:2:27:Infinity":16}}}
,"/Users/felipe/playground/kindscreen/src/lib/utils/youtube.ts": {"path":"/Users/felipe/playground/kindscreen/src/lib/utils/youtube.ts","statementMap":{"0":{"start":{"line":3,"column":19},"end":{"line":8,"column":null}},"1":{"start":{"line":9,"column":2},"end":{"line":12,"column":null}},"2":{"start":{"line":10,"column":14},"end":{"line":10,"column":null}},"3":{"start":{"line":11,"column":4},"end":{"line":11,"column":null}},"4":{"start":{"line":11,"column":11},"end":{"line":11,"column":null}},"5":{"start":{"line":13,"column":2},"end":{"line":13,"column":null}},"6":{"start":{"line":18,"column":2},"end":{"line":18,"column":null}},"7":{"start":{"line":18,"column":37},"end":{"line":18,"column":null}},"8":{"start":{"line":19,"column":2},"end":{"line":19,"column":null}},"9":{"start":{"line":19,"column":27},"end":{"line":19,"column":38}},"10":{"start":{"line":19,"column":38},"end":{"line":19,"column":45}},"11":{"start":{"line":21,"column":15},"end":{"line":21,"column":null}},"12":{"start":{"line":22,"column":2},"end":{"line":22,"column":null}},"13":{"start":{"line":22,"column":43},"end":{"line":22,"column":53}},"14":{"start":{"line":22,"column":53},"end":{"line":22,"column":63}},"15":{"start":{"line":24,"column":2},"end":{"line":28,"column":null}},"16":{"start":{"line":25,"column":14},"end":{"line":25,"column":null}},"17":{"start":{"line":26,"column":4},"end":{"line":26,"column":null}},"18":{"start":{"line":27,"column":4},"end":{"line":27,"column":null}}},"fnMap":{"0":{"name":"extractYoutubeId","decl":{"start":{"line":2,"column":16},"end":{"line":2,"column":33}},"loc":{"start":{"line":2,"column":63},"end":{"line":14,"column":null}},"line":2},"1":{"name":"loadYTApi","decl":{"start":{"line":17,"column":16},"end":{"line":17,"column":26}},"loc":{"start":{"line":17,"column":47},"end":{"line":29,"column":null}},"line":17},"2":{"name":"(anonymous_2)","decl":{"start":{"line":22,"column":35},"end":{"line":22,"column":41}},"loc":{"start":{"line":22,"column":41},"end":{"line":22,"column":null}},"line":22}},"branchMap":{"0":{"loc":{"start":{"line":11,"column":4},"end":{"line":11,"column":null}},"type":"if","locations":[{"start":{"line":11,"column":4},"end":{"line":11,"column":null}},{"start":{},"end":{}}],"line":11},"1":{"loc":{"start":{"line":18,"column":2},"end":{"line":18,"column":null}},"type":"if","locations":[{"start":{"line":18,"column":2},"end":{"line":18,"column":null}},{"start":{},"end":{}}],"line":18},"2":{"loc":{"start":{"line":19,"column":2},"end":{"line":19,"column":null}},"type":"if","locations":[{"start":{"line":19,"column":2},"end":{"line":19,"column":null}},{"start":{},"end":{}}],"line":19},"3":{"loc":{"start":{"line":24,"column":2},"end":{"line":28,"column":null}},"type":"if","locations":[{"start":{"line":24,"column":2},"end":{"line":28,"column":null}},{"start":{},"end":{}}],"line":24}},"s":{"0":25,"1":25,"2":51,"3":51,"4":20,"5":5,"6":5,"7":1,"8":4,"9":1,"10":1,"11":3,"12":3,"13":2,"14":2,"15":3,"16":2,"17":2,"18":2},"f":{"0":25,"1":5,"2":2},"b":{"0":[20,31],"1":[1,4],"2":[1,3],"3":[2,1]},"meta":{"lastBranch":4,"lastFunction":3,"lastStatement":19,"seen":{"f:2:16:2:33":0,"s:3:19:8:Infinity":0,"s:9:2:12:Infinity":1,"s:10:14:10:Infinity":2,"b:11:4:11:Infinity:undefined:undefined:undefined:undefined":0,"s:11:4:11:Infinity":3,"s:11:11:11:Infinity":4,"s:13:2:13:Infinity":5,"f:17:16:17:26":1,"b:18:2:18:Infinity:undefined:undefined:undefined:undefined":1,"s:18:2:18:Infinity":6,"s:18:37:18:Infinity":7,"b:19:2:19:Infinity:undefined:undefined:undefined:undefined":2,"s:19:2:19:Infinity":8,"s:19:27:19:38":9,"s:19:38:19:45":10,"s:21:15:21:Infinity":11,"s:22:2:22:Infinity":12,"f:22:35:22:41":2,"s:22:43:22:53":13,"s:22:53:22:63":14,"b:24:2:28:Infinity:undefined:undefined:undefined:undefined":3,"s:24:2:28:Infinity":15,"s:25:14:25:Infinity":16,"s:26:4:26:Infinity":17,"s:27:4:27:Infinity":18}}}
}
